#
# There is insufficient memory for the Java Runtime Environment to continue.
# Native memory allocation (malloc) failed to allocate 613216 bytes for Chunk::new
# Possible reasons:
#   The system is out of physical RAM or swap space
#   In 32 bit mode, the process size limit was hit
# Possible solutions:
#   Reduce memory load on the system
#   Increase physical memory or swap space
#   Check if swap backing store is full
#   Use 64 bit Java on a 64 bit OS
#   Decrease Java heap size (-Xmx/-Xms)
#   Decrease number of Java threads
#   Decrease Java thread stack sizes (-Xss)
#   Set larger code cache with -XX:ReservedCodeCacheSize=
# This output file may be truncated or incomplete.
#
#  Out of Memory Error (allocation.cpp:390), pid=1868, tid=0x0000000000003d5c
#
# JRE version: OpenJDK Runtime Environment (8.0_152-b01) (build 1.8.0_152-release-915-b01)
# Java VM: OpenJDK 64-Bit Server VM (25.152-b01 mixed mode windows-amd64 compressed oops)
# Failed to write core dump. Minidumps are not enabled by default on client versions of Windows
#

---------------  T H R E A D  ---------------

Current thread (0x000000001896c800):  JavaThread "C2 CompilerThread1" daemon [_thread_in_native, id=15708, stack(0x000000001a370000,0x000000001a470000)]

Stack: [0x000000001a370000,0x000000001a470000]
[error occurred during error reporting (printing stack bounds), id 0xc0000005]

Native frames: (J=compiled Java code, j=interpreted, Vv=VM code, C=native code)


Current CompileTask:
C2:   7072 1496       4       java.net.URLClassLoader$1::run (5 bytes)


---------------  P R O C E S S  ---------------

Java Threads: ( => current thread )
  0x000000001a9c9800 JavaThread "RMI RenewClean-[localhost:63775,org.jetbrains.kotlin.daemon.common.LoopbackNetworkInterface$ClientLoopbackSocketFactory@9a2956e]" daemon [_thread_blocked, id=11164, stack(0x000000001bd20000,0x000000001be20000)]
  0x000000001a99b000 JavaThread "RMI TCP Connection(2)-127.0.0.1" daemon [_thread_in_native, id=15476, stack(0x000000001bc20000,0x000000001bd20000)]
  0x000000001a99a800 JavaThread "RMI Scheduler(0)" daemon [_thread_blocked, id=16404, stack(0x000000001bb20000,0x000000001bc20000)]
  0x0000000019e98000 JavaThread "RMI TCP Connection(1)-127.0.0.1" daemon [_thread_in_native, id=16848, stack(0x000000001ba20000,0x000000001bb20000)]
  0x00000000031bd800 JavaThread "DestroyJavaVM" [_thread_blocked, id=9564, stack(0x0000000004da0000,0x0000000004ea0000)]
  0x000000001a94a000 JavaThread "GC Daemon" daemon [_thread_blocked, id=920, stack(0x000000001b590000,0x000000001b690000)]
  0x000000001a93d000 JavaThread "RMI Reaper" [_thread_blocked, id=3584, stack(0x000000001b490000,0x000000001b590000)]
  0x000000001a939000 JavaThread "Timer-0" daemon [_thread_blocked, id=16928, stack(0x000000001b090000,0x000000001b190000)]
  0x000000001a918000 JavaThread "RMI TCP Accept-17361" daemon [_thread_in_native, id=9984, stack(0x000000001af90000,0x000000001b090000)]
  0x0000000019cf0000 JavaThread "Service Thread" daemon [_thread_blocked, id=11272, stack(0x000000001a570000,0x000000001a670000)]
  0x0000000019c79000 JavaThread "C1 CompilerThread2" daemon [_thread_blocked, id=15176, stack(0x000000001a470000,0x000000001a570000)]
=>0x000000001896c800 JavaThread "C2 CompilerThread1" daemon [_thread_in_native, id=15708, stack(0x000000001a370000,0x000000001a470000)]
  0x000000001891d000 JavaThread "C2 CompilerThread0" daemon [_thread_in_native, id=12012, stack(0x000000001a270000,0x000000001a370000)]
  0x0000000018969800 JavaThread "Attach Listener" daemon [_thread_blocked, id=8664, stack(0x000000001a170000,0x000000001a270000)]
  0x0000000018906800 JavaThread "Signal Dispatcher" daemon [_thread_blocked, id=8920, stack(0x000000001a070000,0x000000001a170000)]
  0x0000000004f9b000 JavaThread "Finalizer" daemon [_thread_blocked, id=8172, stack(0x0000000019b70000,0x0000000019c70000)]
  0x0000000004f90000 JavaThread "Reference Handler" daemon [_thread_blocked, id=8768, stack(0x0000000019a70000,0x0000000019b70000)]

Other Threads:
  0x00000000188d5000 VMThread [stack: 0x0000000019970000,0x0000000019a70000] [id=12748]
  0x0000000019cf9000 WatcherThread [stack: 0x000000001a670000,0x000000001a770000] [id=15788]

VM state:not at safepoint (normal execution)

VM Mutex/Monitor currently owned by a thread: None

Heap:
 PSYoungGen      total 38400K, used 24074K [0x00000000e0000000, 0x00000000e2a80000, 0x0000000100000000)
  eden space 33280K, 72% used [0x00000000e0000000,0x00000000e1782bb8,0x00000000e2080000)
  from space 5120K, 0% used [0x00000000e2080000,0x00000000e2080000,0x00000000e2580000)
  to   space 5120K, 0% used [0x00000000e2580000,0x00000000e2580000,0x00000000e2a80000)
 ParOldGen       total 67072K, used 10002K [0x00000000a0000000, 0x00000000a4180000, 0x00000000e0000000)
  object space 67072K, 14% used [0x00000000a0000000,0x00000000a09c4960,0x00000000a4180000)
 Metaspace       used 25002K, capacity 25478K, committed 25728K, reserved 1071104K
  class space    used 3211K, capacity 3337K, committed 3456K, reserved 1048576K

Card table byte_map: [0x0000000014360000,0x0000000014670000] byte_map_base: 0x0000000013e60000

Marking Bits: (ParMarkBitMap*) 0x0000000072283950
 Begin Bits: [0x0000000014c70000, 0x0000000016470000)
 End Bits:   [0x0000000016470000, 0x0000000017c70000)

Polling page: 0x0000000003180000

CodeCache: size=245760Kb used=5249Kb max_used=5249Kb free=240510Kb
 bounds [0x0000000004fa0000, 0x00000000054d0000, 0x0000000013fa0000]
 total_blobs=2130 nmethods=1684 adapters=359
 compilation: enabled

Compilation events (10 events):
Event: 7.010 Thread 0x0000000019c79000 1651       1       java.io.ExpiringCache::access$000 (5 bytes)
Event: 7.010 Thread 0x0000000019c79000 nmethod 1651 0x00000000054acf50 code [0x00000000054ad0a0, 0x00000000054ad190]
Event: 7.012 Thread 0x0000000019c79000 1652       3       org.jetbrains.kotlin.gnu.trove.THashIterator::next (13 bytes)
Event: 7.012 Thread 0x0000000019c79000 nmethod 1652 0x00000000054b46d0 code [0x00000000054b4860, 0x00000000054b4d08]
Event: 7.012 Thread 0x0000000019c79000 1653       3       org.jetbrains.kotlin.gnu.trove.TIterator::moveToNextIndex (21 bytes)
Event: 7.012 Thread 0x0000000019c79000 nmethod 1653 0x00000000054b4e90 code [0x00000000054b5020, 0x00000000054b5338]
Event: 7.014 Thread 0x0000000019c79000 1654       3       java.lang.Long::longValue (5 bytes)
Event: 7.014 Thread 0x0000000019c79000 nmethod 1654 0x00000000054b5450 code [0x00000000054b55a0, 0x00000000054b56f0]
Event: 7.014 Thread 0x0000000019c79000 1655       3       org.jetbrains.kotlin.com.intellij.openapi.util.RecursionManager$2$1::<init> (15 bytes)
Event: 7.014 Thread 0x0000000019c79000 nmethod 1655 0x00000000054b5750 code [0x00000000054b58a0, 0x00000000054b5a70]

GC Heap History (10 events):
Event: 3.921 GC heap before
{Heap before GC invocations=1 (full 0):
 PSYoungGen      total 38400K, used 13156K [0x00000000e0000000, 0x00000000e2a80000, 0x0000000100000000)
  eden space 33280K, 39% used [0x00000000e0000000,0x00000000e0cd9170,0x00000000e2080000)
  from space 5120K, 0% used [0x00000000e2580000,0x00000000e2580000,0x00000000e2a80000)
  to   space 5120K, 0% used [0x00000000e2080000,0x00000000e2080000,0x00000000e2580000)
 ParOldGen       total 87552K, used 0K [0x00000000a0000000, 0x00000000a5580000, 0x00000000e0000000)
  object space 87552K, 0% used [0x00000000a0000000,0x00000000a0000000,0x00000000a5580000)
 Metaspace       used 9129K, capacity 9318K, committed 9472K, reserved 1058816K
  class space    used 971K, capacity 1023K, committed 1024K, reserved 1048576K
Event: 3.931 GC heap after
Heap after GC invocations=1 (full 0):
 PSYoungGen      total 38400K, used 3234K [0x00000000e0000000, 0x00000000e2a80000, 0x0000000100000000)
  eden space 33280K, 0% used [0x00000000e0000000,0x00000000e0000000,0x00000000e2080000)
  from space 5120K, 63% used [0x00000000e2080000,0x00000000e23a8b98,0x00000000e2580000)
  to   space 5120K, 0% used [0x00000000e2580000,0x00000000e2580000,0x00000000e2a80000)
 ParOldGen       total 87552K, used 8K [0x00000000a0000000, 0x00000000a5580000, 0x00000000e0000000)
  object space 87552K, 0% used [0x00000000a0000000,0x00000000a0002000,0x00000000a5580000)
 Metaspace       used 9129K, capacity 9318K, committed 9472K, reserved 1058816K
  class space    used 971K, capacity 1023K, committed 1024K, reserved 1048576K
}
Event: 3.931 GC heap before
{Heap before GC invocations=2 (full 1):
 PSYoungGen      total 38400K, used 3234K [0x00000000e0000000, 0x00000000e2a80000, 0x0000000100000000)
  eden space 33280K, 0% used [0x00000000e0000000,0x00000000e0000000,0x00000000e2080000)
  from space 5120K, 63% used [0x00000000e2080000,0x00000000e23a8b98,0x00000000e2580000)
  to   space 5120K, 0% used [0x00000000e2580000,0x00000000e2580000,0x00000000e2a80000)
 ParOldGen       total 87552K, used 8K [0x00000000a0000000, 0x00000000a5580000, 0x00000000e0000000)
  object space 87552K, 0% used [0x00000000a0000000,0x00000000a0002000,0x00000000a5580000)
 Metaspace       used 9129K, capacity 9318K, committed 9472K, reserved 1058816K
  class space    used 971K, capacity 1023K, committed 1024K, reserved 1048576K
Event: 3.956 GC heap after
Heap after GC invocations=2 (full 1):
 PSYoungGen      total 38400K, used 0K [0x00000000e0000000, 0x00000000e2a80000, 0x0000000100000000)
  eden space 33280K, 0% used [0x00000000e0000000,0x00000000e0000000,0x00000000e2080000)
  from space 5120K, 0% used [0x00000000e2080000,0x00000000e2080000,0x00000000e2580000)
  to   space 5120K, 0% used [0x00000000e2580000,0x00000000e2580000,0x00000000e2a80000)
 ParOldGen       total 87552K, used 3095K [0x00000000a0000000, 0x00000000a5580000, 0x00000000e0000000)
  object space 87552K, 3% used [0x00000000a0000000,0x00000000a0305db8,0x00000000a5580000)
 Metaspace       used 9129K, capacity 9318K, committed 9472K, reserved 1058816K
  class space    used 971K, capacity 1023K, committed 1024K, reserved 1048576K
}
Event: 5.957 GC heap before
{Heap before GC invocations=3 (full 1):
 PSYoungGen      total 38400K, used 33280K [0x00000000e0000000, 0x00000000e2a80000, 0x0000000100000000)
  eden space 33280K, 100% used [0x00000000e0000000,0x00000000e2080000,0x00000000e2080000)
  from space 5120K, 0% used [0x00000000e2080000,0x00000000e2080000,0x00000000e2580000)
  to   space 5120K, 0% used [0x00000000e2580000,0x00000000e2580000,0x00000000e2a80000)
 ParOldGen       total 87552K, used 3095K [0x00000000a0000000, 0x00000000a5580000, 0x00000000e0000000)
  object space 87552K, 3% used [0x00000000a0000000,0x00000000a0305db8,0x00000000a5580000)
 Metaspace       used 15551K, capacity 15822K, committed 16128K, reserved 1062912K
  class space    used 1841K, capacity 1923K, committed 2048K, reserved 1048576K
Event: 5.964 GC heap after
Heap after GC invocations=3 (full 1):
 PSYoungGen      total 38400K, used 5105K [0x00000000e0000000, 0x00000000e2a80000, 0x0000000100000000)
  eden space 33280K, 0% used [0x00000000e0000000,0x00000000e0000000,0x00000000e2080000)
  from space 5120K, 99% used [0x00000000e2580000,0x00000000e2a7c590,0x00000000e2a80000)
  to   space 5120K, 0% used [0x00000000e2080000,0x00000000e2080000,0x00000000e2580000)
 ParOldGen       total 87552K, used 6116K [0x00000000a0000000, 0x00000000a5580000, 0x00000000e0000000)
  object space 87552K, 6% used [0x00000000a0000000,0x00000000a05f9168,0x00000000a5580000)
 Metaspace       used 15551K, capacity 15822K, committed 16128K, reserved 1062912K
  class space    used 1841K, capacity 1923K, committed 2048K, reserved 1048576K
}
Event: 6.612 GC heap before
{Heap before GC invocations=4 (full 1):
 PSYoungGen      total 38400K, used 29287K [0x00000000e0000000, 0x00000000e2a80000, 0x0000000100000000)
  eden space 33280K, 72% used [0x00000000e0000000,0x00000000e179d6e8,0x00000000e2080000)
  from space 5120K, 99% used [0x00000000e2580000,0x00000000e2a7c590,0x00000000e2a80000)
  to   space 5120K, 0% used [0x00000000e2080000,0x00000000e2080000,0x00000000e2580000)
 ParOldGen       total 87552K, used 6116K [0x00000000a0000000, 0x00000000a5580000, 0x00000000e0000000)
  object space 87552K, 6% used [0x00000000a0000000,0x00000000a05f9168,0x00000000a5580000)
 Metaspace       used 20769K, capacity 21084K, committed 21296K, reserved 1069056K
  class space    used 2548K, capacity 2655K, committed 2688K, reserved 1048576K
Event: 6.618 GC heap after
Heap after GC invocations=4 (full 1):
 PSYoungGen      total 38400K, used 5091K [0x00000000e0000000, 0x00000000e2a80000, 0x0000000100000000)
  eden space 33280K, 0% used [0x00000000e0000000,0x00000000e0000000,0x00000000e2080000)
  from space 5120K, 99% used [0x00000000e2080000,0x00000000e2578c90,0x00000000e2580000)
  to   space 5120K, 0% used [0x00000000e2580000,0x00000000e2580000,0x00000000e2a80000)
 ParOldGen       total 87552K, used 9689K [0x00000000a0000000, 0x00000000a5580000, 0x00000000e0000000)
  object space 87552K, 11% used [0x00000000a0000000,0x00000000a09764d8,0x00000000a5580000)
 Metaspace       used 20769K, capacity 21084K, committed 21296K, reserved 1069056K
  class space    used 2548K, capacity 2655K, committed 2688K, reserved 1048576K
}
Event: 6.618 GC heap before
{Heap before GC invocations=5 (full 2):
 PSYoungGen      total 38400K, used 5091K [0x00000000e0000000, 0x00000000e2a80000, 0x0000000100000000)
  eden space 33280K, 0% used [0x00000000e0000000,0x00000000e0000000,0x00000000e2080000)
  from space 5120K, 99% used [0x00000000e2080000,0x00000000e2578c90,0x00000000e2580000)
  to   space 5120K, 0% used [0x00000000e2580000,0x00000000e2580000,0x00000000e2a80000)
 ParOldGen       total 87552K, used 9689K [0x00000000a0000000, 0x00000000a5580000, 0x00000000e0000000)
  object space 87552K, 11% used [0x00000000a0000000,0x00000000a09764d8,0x00000000a5580000)
 Metaspace       used 20769K, capacity 21084K, committed 21296K, reserved 1069056K
  class space    used 2548K, capacity 2655K, committed 2688K, reserved 1048576K
Event: 6.638 GC heap after
Heap after GC invocations=5 (full 2):
 PSYoungGen      total 38400K, used 0K [0x00000000e0000000, 0x00000000e2a80000, 0x0000000100000000)
  eden space 33280K, 0% used [0x00000000e0000000,0x00000000e0000000,0x00000000e2080000)
  from space 5120K, 0% used [0x00000000e2080000,0x00000000e2080000,0x00000000e2580000)
  to   space 5120K, 0% used [0x00000000e2580000,0x00000000e2580000,0x00000000e2a80000)
 ParOldGen       total 67072K, used 10002K [0x00000000a0000000, 0x00000000a4180000, 0x00000000e0000000)
  object space 67072K, 14% used [0x00000000a0000000,0x00000000a09c4960,0x00000000a4180000)
 Metaspace       used 20769K, capacity 21084K, committed 21296K, reserved 1069056K
  class space    used 2548K, capacity 2655K, committed 2688K, reserved 1048576K
}

Deoptimization events (10 events):
Event: 6.503 Thread 0x000000001a99b000 Uncommon trap: reason=unstable_if action=reinterpret pc=0x000000000531f3e8 method=java.util.HashMap.hash(Ljava/lang/Object;)I @ 1
Event: 6.588 Thread 0x000000001a99b000 Uncommon trap: reason=bimorphic action=maybe_recompile pc=0x000000000524d16c method=java.io.FilterInputStream.read([B)I @ 5
Event: 6.602 Thread 0x000000001a99b000 Uncommon trap: reason=bimorphic action=maybe_recompile pc=0x000000000524d16c method=java.io.FilterInputStream.read([B)I @ 5
Event: 6.602 Thread 0x000000001a99b000 Uncommon trap: reason=bimorphic action=maybe_recompile pc=0x000000000524d16c method=java.io.FilterInputStream.read([B)I @ 5
Event: 6.603 Thread 0x000000001a99b000 Uncommon trap: reason=bimorphic action=maybe_recompile pc=0x000000000524d16c method=java.io.FilterInputStream.read([B)I @ 5
Event: 6.672 Thread 0x000000001a99b000 Uncommon trap: reason=range_check action=make_not_entrant pc=0x0000000005320b60 method=sun.reflect.generics.parser.SignatureParser.current()C @ 34
Event: 6.855 Thread 0x000000001a99b000 Uncommon trap: reason=bimorphic action=maybe_recompile pc=0x0000000005339b10 method=java.util.HashMap.putVal(ILjava/lang/Object;Ljava/lang/Object;ZZ)Ljava/lang/Object; @ 203
Event: 6.855 Thread 0x000000001a99b000 Uncommon trap: reason=bimorphic action=maybe_recompile pc=0x0000000005339b10 method=java.util.HashMap.putVal(ILjava/lang/Object;Ljava/lang/Object;ZZ)Ljava/lang/Object; @ 203
Event: 6.855 Thread 0x000000001a99b000 Uncommon trap: reason=bimorphic action=maybe_recompile pc=0x0000000005339b10 method=java.util.HashMap.putVal(ILjava/lang/Object;Ljava/lang/Object;ZZ)Ljava/lang/Object; @ 203
Event: 6.855 Thread 0x000000001a99b000 Uncommon trap: reason=bimorphic action=maybe_recompile pc=0x0000000005339b10 method=java.util.HashMap.putVal(ILjava/lang/Object;Ljava/lang/Object;ZZ)Ljava/lang/Object; @ 203

Classes redefined (0 events):
No events

Internal exceptions (10 events):
Event: 4.341 Thread 0x000000001a99b000 Exception <a 'java/lang/NoSuchMethodError': <clinit>> (0x00000000e0571008) thrown at [D:\src\AOSP-openjdk-cygwin\jdk8u\hotspot\src\share\vm\prims\jni.cpp, line 1613]
Event: 5.286 Thread 0x000000001a99b000 Exception <a 'java/lang/ArrayIndexOutOfBoundsException'> (0x00000000e16faa90) thrown at [D:\src\AOSP-openjdk-cygwin\jdk8u\hotspot\src\share\vm\runtime\sharedRuntime.cpp, line 605]
Event: 6.185 Thread 0x000000001a99b000 Exception <a 'sun/nio/fs/WindowsException'> (0x00000000e06aee38) thrown at [D:\src\AOSP-openjdk-cygwin\jdk8u\hotspot\src\share\vm\prims\jni.cpp, line 709]
Event: 6.186 Thread 0x000000001a99b000 Exception <a 'java/lang/reflect/InvocationTargetException'> (0x00000000e06af9f8) thrown at [D:\src\AOSP-openjdk-cygwin\jdk8u\hotspot\src\share\vm\runtime\reflection.cpp, line 1092]
Event: 6.503 Thread 0x000000001a99b000 Implicit null exception at 0x000000000531f36f to 0x000000000531f3d9
Event: 6.546 Thread 0x000000001a99b000 Exception <a 'java/lang/NoSuchMethodError': java.lang.Object.lambda$comparing$77a9974f$1(Ljava/util/function/Function;Ljava/lang/Object;Ljava/lang/Object;)I> (0x00000000e137ea18) thrown at [D:\src\AOSP-openjdk-cygwin\jdk8u\hotspot\src\share\vm\interpreter
Event: 6.672 Thread 0x000000001a99b000 Exception <a 'java/lang/ArrayIndexOutOfBoundsException': 60> (0x00000000e0222d68) thrown at [D:\src\AOSP-openjdk-cygwin\jdk8u\hotspot\src\share\vm\interpreter\interpreterRuntime.cpp, line 366]
Event: 6.676 Thread 0x000000001a99b000 Exception <a 'java/lang/ArrayIndexOutOfBoundsException'> (0x00000000e024b750) thrown at [D:\src\AOSP-openjdk-cygwin\jdk8u\hotspot\src\share\vm\runtime\sharedRuntime.cpp, line 605]
Event: 6.769 Thread 0x000000001a99b000 Exception <a 'java/lang/NoSuchMethodError': java.lang.Object.lambda$static$0(I)[Lorg/jetbrains/kotlin/com/intellij/openapi/editor/event/DocumentListener;> (0x00000000e09ac1f0) thrown at [D:\src\AOSP-openjdk-cygwin\jdk8u\hotspot\src\share\vm\interpreter\li
Event: 6.790 Thread 0x000000001a99b000 Exception <a 'java/lang/NoSuchMethodError': java.lang.Object.lambda$static$0(I)[Lorg/jetbrains/kotlin/com/intellij/psi/PsiAnnotation;> (0x00000000e0b80ad0) thrown at [D:\src\AOSP-openjdk-cygwin\jdk8u\hotspot\src\share\vm\interpreter\linkResolver.cpp, line

Events (10 events):
Event: 6.944 loading class org/jetbrains/kotlin/com/intellij/util/ObjectUtils
Event: 6.944 loading class org/jetbrains/kotlin/com/intellij/util/ObjectUtils done
Event: 6.945 loading class org/jetbrains/kotlin/cli/jvm/index/JavaRoot
Event: 6.945 loading class org/jetbrains/kotlin/cli/jvm/index/JavaRoot done
Event: 6.945 loading class org/jetbrains/kotlin/cli/jvm/index/JavaRoot$RootTypes
Event: 6.945 loading class org/jetbrains/kotlin/cli/jvm/index/JavaRoot$RootTypes done
Event: 6.945 loading class org/jetbrains/kotlin/cli/jvm/index/JavaRoot$RootType
Event: 6.945 loading class org/jetbrains/kotlin/cli/jvm/index/JavaRoot$RootType done
Event: 6.981 Thread 0x000000001a99b000 DEOPT PACKING pc=0x000000000544b69a sp=0x000000001bd1b3a0
Event: 6.981 Thread 0x000000001a99b000 DEOPT UNPACKING pc=0x0000000004fe75bf sp=0x000000001bd1b220 mode 0


Dynamic libraries:
0x00007ff6110a0000 - 0x00007ff6110d1000 	E:\Android\Android Studio\jre\jre\bin\java.exe
0x00007ffc13510000 - 0x00007ffc136f0000 	C:\WINDOWS\SYSTEM32\ntdll.dll
0x00007ffc11930000 - 0x00007ffc119de000 	C:\WINDOWS\System32\KERNEL32.DLL
0x00007ffc10530000 - 0x00007ffc10796000 	C:\WINDOWS\System32\KERNELBASE.dll
0x00007ffc10f60000 - 0x00007ffc11001000 	C:\WINDOWS\System32\ADVAPI32.dll
0x00007ffc113f0000 - 0x00007ffc1148d000 	C:\WINDOWS\System32\msvcrt.dll
0x00007ffc118d0000 - 0x00007ffc1192b000 	C:\WINDOWS\System32\sechost.dll
0x00007ffc10e30000 - 0x00007ffc10f4f000 	C:\WINDOWS\System32\RPCRT4.dll
0x00007ffc109e0000 - 0x00007ffc10b6f000 	C:\WINDOWS\System32\USER32.dll
0x00007ffc107a0000 - 0x00007ffc107c0000 	C:\WINDOWS\System32\win32u.dll
0x00007ffc118a0000 - 0x00007ffc118c8000 	C:\WINDOWS\System32\GDI32.dll
0x00007ffc0f910000 - 0x00007ffc0faa3000 	C:\WINDOWS\System32\gdi32full.dll
0x00007ffc10490000 - 0x00007ffc1052b000 	C:\WINDOWS\System32\msvcp_win.dll
0x00007ffc10200000 - 0x00007ffc102f6000 	C:\WINDOWS\System32\ucrtbase.dll
0x00007ffc04440000 - 0x00007ffc046a9000 	C:\WINDOWS\WinSxS\amd64_microsoft.windows.common-controls_6595b64144ccf1df_6.0.16299.98_none_cc930a042215c348\COMCTL32.dll
0x00007ffc11010000 - 0x00007ffc11318000 	C:\WINDOWS\System32\combase.dll
0x00007ffc10410000 - 0x00007ffc10482000 	C:\WINDOWS\System32\bcryptPrimitives.dll
0x00007ffc13410000 - 0x00007ffc1343d000 	C:\WINDOWS\System32\IMM32.DLL
0x0000000072d90000 - 0x0000000072e62000 	E:\Android\Android Studio\jre\jre\bin\msvcr100.dll
0x0000000071ac0000 - 0x00000000722fe000 	E:\Android\Android Studio\jre\jre\bin\server\jvm.dll
0x00007ffc11820000 - 0x00007ffc11828000 	C:\WINDOWS\System32\PSAPI.DLL
0x00007ffc0be40000 - 0x00007ffc0be63000 	C:\WINDOWS\SYSTEM32\WINMM.dll
0x00007ffc0c920000 - 0x00007ffc0c929000 	C:\WINDOWS\SYSTEM32\WSOCK32.dll
0x00007ffc11830000 - 0x00007ffc1189c000 	C:\WINDOWS\System32\WS2_32.dll
0x00007ffc09730000 - 0x00007ffc0973a000 	C:\WINDOWS\SYSTEM32\VERSION.dll
0x00007ffc0be10000 - 0x00007ffc0be3a000 	C:\WINDOWS\SYSTEM32\WINMMBASE.dll
0x00007ffc10990000 - 0x00007ffc109da000 	C:\WINDOWS\System32\cfgmgr32.dll
0x00007ffc0c910000 - 0x00007ffc0c91f000 	E:\Android\Android Studio\jre\jre\bin\verify.dll
0x00007ffc091f0000 - 0x00007ffc09219000 	E:\Android\Android Studio\jre\jre\bin\java.dll
0x00007ffc0c8f0000 - 0x00007ffc0c906000 	E:\Android\Android Studio\jre\jre\bin\zip.dll
0x00007ffc11a60000 - 0x00007ffc12e96000 	C:\WINDOWS\System32\SHELL32.dll
0x00007ffc13350000 - 0x00007ffc133f6000 	C:\WINDOWS\System32\shcore.dll
0x00007ffc0fab0000 - 0x00007ffc101f7000 	C:\WINDOWS\System32\windows.storage.dll
0x00007ffc132f0000 - 0x00007ffc13341000 	C:\WINDOWS\System32\shlwapi.dll
0x00007ffc0f880000 - 0x00007ffc0f891000 	C:\WINDOWS\System32\kernel.appcore.dll
0x00007ffc0f8a0000 - 0x00007ffc0f8ec000 	C:\WINDOWS\System32\powrprof.dll
0x00007ffc0f860000 - 0x00007ffc0f87b000 	C:\WINDOWS\System32\profapi.dll
0x00007ffc0bdb0000 - 0x00007ffc0bdbd000 	E:\Android\Android Studio\jre\jre\bin\management.dll
0x00007ffc09610000 - 0x00007ffc0962a000 	E:\Android\Android Studio\jre\jre\bin\net.dll
0x00007ffc0f0c0000 - 0x00007ffc0f126000 	C:\WINDOWS\system32\mswsock.dll
0x00007ffc091d0000 - 0x00007ffc091e1000 	E:\Android\Android Studio\jre\jre\bin\nio.dll
0x00007ffc0f280000 - 0x00007ffc0f297000 	C:\WINDOWS\SYSTEM32\CRYPTSP.dll
0x00007ffc0ecd0000 - 0x00007ffc0ed03000 	C:\WINDOWS\system32\rsaenh.dll
0x00007ffc0f390000 - 0x00007ffc0f3b5000 	C:\WINDOWS\SYSTEM32\bcrypt.dll
0x00007ffc0f760000 - 0x00007ffc0f789000 	C:\WINDOWS\SYSTEM32\USERENV.dll
0x00007ffc0f2a0000 - 0x00007ffc0f2ab000 	C:\WINDOWS\SYSTEM32\CRYPTBASE.dll
0x00007ffc0ee50000 - 0x00007ffc0ee89000 	C:\WINDOWS\SYSTEM32\IPHLPAPI.DLL
0x00007ffc13400000 - 0x00007ffc13408000 	C:\WINDOWS\System32\NSI.dll
0x00007ffc06310000 - 0x00007ffc06326000 	C:\WINDOWS\SYSTEM32\dhcpcsvc6.DLL
0x00007ffc06990000 - 0x00007ffc069aa000 	C:\WINDOWS\SYSTEM32\dhcpcsvc.DLL

VM Arguments:
jvm_args: -Djava.awt.headless=true -Djava.rmi.server.hostname=localhost -Xmx1536m -Dkotlin.environment.keepalive 
java_command: org.jetbrains.kotlin.daemon.KotlinCompileDaemon --daemon-runFilesPath C:\Users\jinhu\AppData\Local\kotlin\daemon --daemon-autoshutdownIdleSeconds=7200 --daemon-compilerClasspath E:\Android\workspace\.gradle\caches\jars-3\f58e399bf7514751475f325920291a60\kotlin-compiler-embeddable-1.1.51.jar;E:\Android\Android Studio\jre\lib\tools.jar
java_class_path (initial): E:\Android\workspace\.gradle\caches\jars-3\f58e399bf7514751475f325920291a60\kotlin-compiler-embeddable-1.1.51.jar;E:\Android\Android Studio\jre\lib\tools.jar
Launcher Type: SUN_STANDARD

Environment Variables:
JAVA_HOME=E:\Java\jdk1.8.0_144
CLASSPATH=.;E:\Java\jdk1.8.0_144\lib\dt.jar;E:\Java\jdk1.8.0_144\lib\tools.jar;
PATH=C:\ProgramData\Oracle\Java\javapath;C:\Program Files (x86)\Intel\iCLS Client\;C:\Program Files\Intel\iCLS Client\;C:\Windows\system32;C:\Windows;C:\Windows\System32\Wbem;C:\Windows\System32\WindowsPowerShell\v1.0\;C:\Program Files (x86)\NVIDIA Corporation\PhysX\Common;C:\Program Files (x86)\Intel\Intel(R) Management Engine Components\DAL;C:\Program Files\Intel\Intel(R) Management Engine Components\DAL;C:\Program Files (x86)\Intel\Intel(R) Management Engine Components\IPT;C:\Program Files\Intel\Intel(R) Management Engine Components\IPT;C:\WINDOWS\system32;C:\WINDOWS;C:\WINDOWS\System32\Wbem;C:\WINDOWS\System32\WindowsPowerShell\v1.0\;E:\Git\cmd;E:\Java\jdk1.8.0_144\bin;.E:\Java\jdk1.8.0_144\jre\bin;C:\Users\jinhu\AppData\Local\Microsoft\WindowsApps;
USERNAME=jinhui
OS=Windows_NT
PROCESSOR_IDENTIFIER=Intel64 Family 6 Model 158 Stepping 9, GenuineIntel



---------------  S Y S T E M  ---------------

OS: Windows 10.0 , 64 bit Build 16299 (10.0.16299.15)

CPU:total 4 (initial active 4) (4 cores per cpu, 1 threads per core) family 6 model 158 stepping 9, cmov, cx8, fxsr, mmx, sse, sse2, sse3, ssse3, sse4.1, sse4.2, popcnt, avx, avx2, aes, clmul, erms, 3dnowpref, lzcnt, tsc, tscinvbit, bmi1, bmi2, adx

Memory: 4k page, physical 8260772k(969852k free), swap 16125088k(3112k free)

vm_info: OpenJDK 64-Bit Server VM (25.152-b01) for windows-amd64 JRE (1.8.0_152-release-915-b01), built by "builder" with MS VC++ 10.0 (VS2010)

time: Fri Dec 08 12:04:46 2017
elapsed time: 7 seconds (0d 0h 0m 7s)

