#
# There is insufficient memory for the Java Runtime Environment to continue.
# Native memory allocation (malloc) failed to allocate 32744 bytes for ChunkPool::allocate
# Possible reasons:
#   The system is out of physical RAM or swap space
#   In 32 bit mode, the process size limit was hit
# Possible solutions:
#   Reduce memory load on the system
#   Increase physical memory or swap space
#   Check if swap backing store is full
#   Use 64 bit Java on a 64 bit OS
#   Decrease Java heap size (-Xmx/-Xms)
#   Decrease number of Java threads
#   Decrease Java thread stack sizes (-Xss)
#   Set larger code cache with -XX:ReservedCodeCacheSize=
# This output file may be truncated or incomplete.
#
#  Out of Memory Error (allocation.cpp:273), pid=8308, tid=0x0000000000001744
#
# JRE version: OpenJDK Runtime Environment (8.0_112-b06) (build 1.8.0_112-release-b06)
# Java VM: OpenJDK 64-Bit Server VM (25.112-b06 mixed mode windows-amd64 compressed oops)
# Failed to write core dump. Minidumps are not enabled by default on client versions of Windows
#

---------------  T H R E A D  ---------------

Current thread (0x000000001616e000):  JavaThread "C1 CompilerThread2" daemon [_thread_in_native, id=5956, stack(0x0000000016e40000,0x0000000016f40000)]

Stack: [0x0000000016e40000,0x0000000016f40000]
[error occurred during error reporting (printing stack bounds), id 0xc0000005]

Native frames: (J=compiled Java code, j=interpreted, Vv=VM code, C=native code)


Current CompileTask:
C1:    773  167   !   3       com.android.dx.cf.cst.ConstantPoolParser::parse0 (731 bytes)


---------------  P R O C E S S  ---------------

Java Threads: ( => current thread )
  0x00000000162fc000 JavaThread "pool-3-thread-1" [_thread_blocked, id=5348, stack(0x0000000017190000,0x0000000017290000)]
  0x00000000162f4800 JavaThread "pool-2-thread-1" [_thread_blocked, id=8732, stack(0x0000000016740000,0x0000000016840000)]
  0x00000000161e6000 JavaThread "Service Thread" daemon [_thread_blocked, id=820, stack(0x0000000017070000,0x0000000017170000)]
=>0x000000001616e000 JavaThread "C1 CompilerThread2" daemon [_thread_in_native, id=5956, stack(0x0000000016e40000,0x0000000016f40000)]
  0x000000001616d000 JavaThread "C2 CompilerThread1" daemon [_thread_blocked, id=8916, stack(0x0000000016c10000,0x0000000016d10000)]
  0x000000001615b800 JavaThread "C2 CompilerThread0" daemon [_thread_blocked, id=8012, stack(0x0000000016a20000,0x0000000016b20000)]
  0x000000001615a800 JavaThread "Attach Listener" daemon [_thread_blocked, id=9156, stack(0x0000000016880000,0x0000000016980000)]
  0x0000000014f5d800 JavaThread "Signal Dispatcher" daemon [_thread_blocked, id=9096, stack(0x0000000016640000,0x0000000016740000)]
  0x0000000014f47000 JavaThread "Finalizer" daemon [_thread_blocked, id=5084, stack(0x0000000016050000,0x0000000016150000)]
  0x0000000014f00000 JavaThread "Reference Handler" daemon [_thread_blocked, id=8216, stack(0x0000000015dd0000,0x0000000015ed0000)]
  0x0000000002258000 JavaThread "main" [_thread_in_vm, id=9136, stack(0x0000000002580000,0x0000000002680000)]

Other Threads:
  0x0000000014ef8800 VMThread [stack: 0x0000000015ee0000,0x0000000015fe0000] [id=5520]
  0x0000000016202000 WatcherThread [stack: 0x0000000016d30000,0x0000000016e30000] [id=5116]

VM state:synchronizing (normal execution)

VM Mutex/Monitor currently owned by a thread:  ([mutex/lock_event])
[0x000000000221d5a0] Threads_lock - owner thread: 0x0000000014ef8800
[0x000000000221daa0] Heap_lock - owner thread: 0x00000000162f4800

Heap:
 PSYoungGen      total 38400K, used 6008K [0x00000000eab00000, 0x00000000ed580000, 0x0000000100000000)
  eden space 33280K, 18% used [0x00000000eab00000,0x00000000eb0de098,0x00000000ecb80000)
  from space 5120K, 0% used [0x00000000ed080000,0x00000000ed080000,0x00000000ed580000)
  to   space 5120K, 0% used [0x00000000ecb80000,0x00000000ecb80000,0x00000000ed080000)
 ParOldGen       total 87552K, used 0K [0x00000000c0000000, 0x00000000c5580000, 0x00000000eab00000)
  object space 87552K, 0% used [0x00000000c0000000,0x00000000c0000000,0x00000000c5580000)
 Metaspace       used 4066K, capacity 5360K, committed 5632K, reserved 1056768K
  class space    used 439K, capacity 488K, committed 512K, reserved 1048576K

Card table byte_map: [0x0000000011a40000,0x0000000011c50000] byte_map_base: 0x0000000011440000

Marking Bits: (ParMarkBitMap*) 0x000000006ca018f0
 Begin Bits: [0x0000000012370000, 0x0000000013370000)
 End Bits:   [0x0000000013370000, 0x0000000014370000)

Polling page: 0x00000000001a0000

CodeCache: size=245760Kb used=1357Kb max_used=1358Kb free=244402Kb
 bounds [0x0000000002680000, 0x00000000028f0000, 0x0000000011680000]
 total_blobs=420 nmethods=166 adapters=168
 compilation: enabled

Compilation events (10 events):
Event: 0.391 Thread 0x000000001616e000 nmethod 162 0x00000000027d2410 code [0x00000000027d2580, 0x00000000027d27b8]
Event: 0.391 Thread 0x000000001616e000  163       3       java.lang.CharacterDataLatin1::digit (91 bytes)
Event: 0.391 Thread 0x000000001616e000 nmethod 163 0x00000000027d1d90 code [0x00000000027d1f00, 0x00000000027d2290]
Event: 0.392 Thread 0x000000001616e000  164       3       java.lang.ref.SoftReference::get (29 bytes)
Event: 0.392 Thread 0x000000001616e000 nmethod 164 0x00000000027d19d0 code [0x00000000027d1b20, 0x00000000027d1d10]
Event: 0.392 Thread 0x000000001616e000  165       1       com.android.dx.rop.cst.CstString::isCategory2 (2 bytes)
Event: 0.392 Thread 0x000000001616e000 nmethod 165 0x00000000027d1710 code [0x00000000027d1860, 0x00000000027d1970]
Event: 0.392 Thread 0x000000001616e000  166       3       com.android.dx.util.MutabilityControl::throwIfImmutable (18 bytes)
Event: 0.392 Thread 0x000000001616e000 nmethod 166 0x00000000027d1250 code [0x00000000027d13c0, 0x00000000027d1628]
Event: 0.392 Thread 0x000000001616e000  167   !   3       com.android.dx.cf.cst.ConstantPoolParser::parse0 (731 bytes)

GC Heap History (0 events):
No events

Deoptimization events (0 events):
No events

Internal exceptions (2 events):
Event: 0.027 Thread 0x0000000002258000 Exception <a 'java/lang/NoSuchMethodError': Method sun.misc.Unsafe.defineClass(Ljava/lang/String;[BII)Ljava/lang/Class; name or signature does not match> (0x00000000eab07c78) thrown at [C:\src\android\AOSP-openjdk\external\jetbrains\jdk\hotspot\src\share\vló¡l[<›?
Event: 0.027 Thread 0x0000000002258000 Exception <a 'java/lang/NoSuchMethodError': Method sun.misc.Unsafe.prefetchRead(Ljava/lang/Object;J)V name or signature does not match> (0x00000000eab07f60) thrown at [C:\src\android\AOSP-openjdk\external\jetbrains\jdk\hotspot\src\share\vm\prims\jni.cpp, l

Events (10 events):
Event: 0.394 loading class com/android/dx/cf/code/ByteBlockList
Event: 0.394 loading class com/android/dx/cf/code/ByteBlockList done
Event: 0.394 loading class com/android/dx/util/LabeledList
Event: 0.394 loading class com/android/dx/util/LabeledList done
Event: 0.394 loading class com/android/dx/cf/code/RopperMachine
Event: 0.394 loading class com/android/dx/cf/code/RopperMachine done
Event: 0.395 loading class com/android/dx/cf/code/ValueAwareMachine
Event: 0.395 loading class com/android/dx/cf/code/ValueAwareMachine done
Event: 0.395 loading class com/android/dx/cf/code/BaseMachine
Event: 0.395 loading class com/android/dx/cf/code/BaseMachine done


Dynamic libraries:
0x000000013fdd0000 - 0x000000013fe01000 	D:\Android\Android Studio\jre\bin\java.exe
0x00000000774a0000 - 0x000000007764a000 	C:\Windows\SYSTEM32\ntdll.dll
0x0000000077280000 - 0x000000007739f000 	C:\Windows\system32\kernel32.dll
0x000007fefd480000 - 0x000007fefd4ea000 	C:\Windows\system32\KERNELBASE.dll
0x000007fefe920000 - 0x000007fefe9fb000 	C:\Windows\system32\ADVAPI32.dll
0x000007fefda60000 - 0x000007fefdaff000 	C:\Windows\system32\msvcrt.dll
0x000007feff470000 - 0x000007feff48f000 	C:\Windows\SYSTEM32\sechost.dll
0x000007fefebc0000 - 0x000007fefeced000 	C:\Windows\system32\RPCRT4.dll
0x00000000773a0000 - 0x000000007749a000 	C:\Windows\system32\USER32.dll
0x000007fefd7d0000 - 0x000007fefd837000 	C:\Windows\system32\GDI32.dll
0x000007fefd7c0000 - 0x000007fefd7ce000 	C:\Windows\system32\LPK.dll
0x000007fefeaf0000 - 0x000007fefebbb000 	C:\Windows\system32\USP10.dll
0x000007fefba90000 - 0x000007fefbc84000 	C:\Windows\WinSxS\amd64_microsoft.windows.common-controls_6595b64144ccf1df_6.0.7601.18837_none_fa3b1e3d17594757\COMCTL32.dll
0x000007feff5a0000 - 0x000007feff611000 	C:\Windows\system32\SHLWAPI.dll
0x000007fefea00000 - 0x000007fefea2e000 	C:\Windows\system32\IMM32.DLL
0x000007feff490000 - 0x000007feff599000 	C:\Windows\system32\MSCTF.dll
0x0000000053860000 - 0x0000000053932000 	D:\Android\Android Studio\jre\jre\bin\msvcr100.dll
0x000000006c240000 - 0x000000006ca7c000 	D:\Android\Android Studio\jre\jre\bin\server\jvm.dll
0x000007fef8d00000 - 0x000007fef8d09000 	C:\Windows\system32\WSOCK32.dll
0x000007fefd840000 - 0x000007fefd88d000 	C:\Windows\system32\WS2_32.dll
0x000007fefe910000 - 0x000007fefe918000 	C:\Windows\system32\NSI.dll
0x000007fef8d70000 - 0x000007fef8dab000 	C:\Windows\system32\WINMM.dll
0x000007fefc4e0000 - 0x000007fefc4ec000 	C:\Windows\system32\VERSION.dll
0x0000000077660000 - 0x0000000077667000 	C:\Windows\system32\PSAPI.DLL
0x000007feed530000 - 0x000007feed53f000 	D:\Android\Android Studio\jre\jre\bin\verify.dll
0x000007feed500000 - 0x000007feed529000 	D:\Android\Android Studio\jre\jre\bin\java.dll
0x000007feed4e0000 - 0x000007feed4f6000 	D:\Android\Android Studio\jre\jre\bin\zip.dll
0x000007fefdb80000 - 0x000007fefe90a000 	C:\Windows\system32\SHELL32.dll
0x000007fefedd0000 - 0x000007fefefcc000 	C:\Windows\system32\ole32.dll
0x000007fefd3b0000 - 0x000007fefd3bf000 	C:\Windows\system32\profapi.dll

VM Arguments:
jvm_args: -Djava.awt.headless=true -Xmx1024M -Dfile.encoding=GBK -Duser.country=CN -Duser.language=zh -Duser.variant 
java_command: com.android.dx.command.Main --dex --force-jumbo --num-threads=4 --multi-dex --output C:\Users\Administrator\Desktop\NationalGeographicDemo\app\build\intermediates\transforms\dex\debug\folders\1000\5\slice_3 C:\Users\Administrator\Desktop\NationalGeographicDemo\app\build\intermediates\transforms\instantRunSlicer\debug\folders\1\5\slice_3
java_class_path (initial): D:\Android\sdk\build-tools\26.0.1\lib\dx.jar
Launcher Type: SUN_STANDARD

Environment Variables:
PATH=C:\Python27\;C:\Python27\Scripts;C:\Windows\system32;C:\Windows;C:\Windows\System32\Wbem;C:\Windows\System32\WindowsPowerShell\v1.0\;E:\jinhui_workspace\Java\jdk1.8.0_121\bin;C:\Program Files\Microsoft SQL Server\130\Tools\Binn\;C:\Python27;C:\Program Files\Git\cmd;C:\ProgramData\chocolatey\bin;E:\jinhui_workspace\Node.js\;D:\Android\sdk\tools;D:\Android\sdk\platform-tools;C:\Program Files\TortoiseGit\bin;C:\Windows\System32;%ANDROID_NDK%;%ANDROID_HOME%;E:\jinhui_workspace\cocos2d-x-3.15\templates;E:\jinhui_workspace\cocos2d-x-3.15\tools\cocos2d-console\bin;\cocos2d-x-3.14.1\templates;E:\jinhui_workspace\VSCode\Microsoft VS Code\bin;D:\Android\sdk\tools;D:\Android\sdk\platform-tools;D:\Android\Android Studio\gradle\gradle-3.2\BIN;%JAVA_HOME%;D:\Android\sdk;C:\Users\Administrator\AppData\Local\atom\bin;C:\Users\Administrator\AppData\Roaming\npm;D:\Android\sdk\android-ndk-r10e;D:\Android\sdk;
USERNAME=Administrator
OS=Windows_NT
PROCESSOR_IDENTIFIER=Intel64 Family 6 Model 94 Stepping 3, GenuineIntel



---------------  S Y S T E M  ---------------

OS: Windows 7 , 64 bit Build 7601 (6.1.7601.23889)

CPU:total 4 (4 cores per cpu, 1 threads per core) family 6 model 94 stepping 3, cmov, cx8, fxsr, mmx, sse, sse2, sse3, ssse3, sse4.1, sse4.2, popcnt, avx, avx2, aes, clmul, erms, 3dnowpref, lzcnt, tsc, tscinvbit, bmi1, bmi2, adx

Memory: 4k page, physical 8272300k(418144k free), swap 10367592k(26164k free)

vm_info: OpenJDK 64-Bit Server VM (25.112-b06) for windows-amd64 JRE (1.8.0_112-release-b06), built on Dec  8 2016 00:54:26 by "builder" with MS VC++ 10.0 (VS2010)

time: Thu Oct 12 15:24:01 2017
elapsed time: 0 seconds (0d 0h 0m 0s)

