#
# A fatal error has been detected by the Java Runtime Environment:
#
#  EXCEPTION_ACCESS_VIOLATION (0xc0000005) at pc=0x000000006c42b947, pid=8648, tid=0x0000000000001a34
#
# JRE version: OpenJDK Runtime Environment (8.0_112-b06) (build 1.8.0_112-release-b06)
# Java VM: OpenJDK 64-Bit Server VM (25.112-b06 mixed mode windows-amd64 compressed oops)
# Problematic frame:
# V  [jvm.dll+0x1eb947]
#
# Failed to write core dump. Minidumps are not enabled by default on client versions of Windows
#
# If you would like to submit a bug report, please visit:
#   http://bugreport.java.com/bugreport/crash.jsp
#

---------------  T H R E A D  ---------------

Current thread (0x00000000020f8000):  JavaThread "main" [_thread_in_vm, id=6708, stack(0x0000000002350000,0x0000000002450000)]

siginfo: ExceptionCode=0xc0000005, writing address 0x00000000024417b0

Registers:
RAX=0x00000000024417b0, RBX=0x0000000000000007, RCX=0x0000000000006000, RDX=0x0000000000000024
RSP=0x00000000024477b0, RBP=0x0000000000000000, RSI=0x00000000024477b0, RDI=0x0000000000000007
R8 =0x0000000000000024, R9 =0x00000000020f6de0, R10=0x0000000014622358, R11=0x000000000235a148
R12=0x00000000020f6de0, R13=0x00000000020f8000, R14=0x0000000002447878, R15=0x0000000014622358
RIP=0x000000006c42b947, EFLAGS=0x0000000000010202

Top of Stack: (sp=0x00000000024477b0)
0x00000000024477b0:   00000000020f7a80 8452f3065dc37721
0x00000000024477c0:   00000000020f8000 00000000020f6de0
0x00000000024477d0:   00000000ffffffff 000000006c42c877
0x00000000024477e0:   00000000024478e0 0000000014622358
0x00000000024477f0:   00000000020f8000 b2c45131185226e3
0x0000000002447800:   c87226b20c89928e cfa1431414660df8
0x0000000002447810:   9d0647b06944f7d8 dd0adc07145be618
0x0000000002447820:   0000000014622358 00000000020f8000
0x0000000002447830:   0000000002462f20 528c141e1462d188
0x0000000002447840:   1cd9a2930f3162d4 44c6906729c618c0
0x0000000002447850:   22ea7952b0266f02 1326e926d2a41d8b
0x0000000002447860:   2f28179553213b72 0000000014622358
0x0000000002447870:   00000000020f8000 000000001642f7a8
0x0000000002447880:   f33571d314677338 0000000014660dd8
0x0000000002447890:   0000000002447a38 000000001450d010
0x00000000024478a0:   000000001468e7e0 0000000014671cb8 

Instructions: (pc=0x000000006c42b947)
0x000000006c42b927:   48 89 6c 24 30 33 ed 66 90 e8 cb b8 07 00 ff c3
0x000000006c42b937:   48 63 c8 48 8b c6 48 0f af cf 48 ff c7 48 2b c1
0x000000006c42b947:   89 28 48 63 c3 48 3b 05 45 2c 57 00 7e db 48 8b
0x000000006c42b957:   6c 24 30 48 8b 5c 24 38 48 8b 74 24 40 48 83 c4 


Register to memory mapping:

RAX=0x00000000024417b0 is pointing into the stack for thread: 0x00000000020f8000
RBX=0x0000000000000007 is an unknown value
RCX=0x0000000000006000 is an unknown value
RDX=0x0000000000000024 is an unknown value
RSP=0x00000000024477b0 is pointing into the stack for thread: 0x00000000020f8000
RBP=0x0000000000000000 is an unknown value
RSI=0x00000000024477b0 is pointing into the stack for thread: 0x00000000020f8000
RDI=0x0000000000000007 is an unknown value
R8 =0x0000000000000024 is an unknown value
R9 =0x00000000020f6de0 is an unknown value
R10={method} {0x0000000014622360} 'run' '()Ljava/lang/Object;' in 'java/net/URLClassLoader$1'
R11=0x000000000235a148 is pointing into the stack for thread: 0x00000000020f8000
R12=0x00000000020f6de0 is an unknown value
R13=0x00000000020f8000 is a thread
R14=0x0000000002447878 is pointing into the stack for thread: 0x00000000020f8000
R15={method} {0x0000000014622360} 'run' '()Ljava/lang/Object;' in 'java/net/URLClassLoader$1'


Stack: [0x0000000002350000,0x0000000002450000],  sp=0x00000000024477b0,  free space=989k
Native frames: (J=compiled Java code, j=interpreted, Vv=VM code, C=native code)

Java frames: (J=compiled Java code, j=interpreted, Vv=VM code)
j  java.security.AccessController.doPrivileged(Ljava/security/PrivilegedExceptionAction;Ljava/security/AccessControlContext;)Ljava/lang/Object;+0
j  java.net.URLClassLoader.findClass(Ljava/lang/String;)Ljava/lang/Class;+13
j  java.lang.ClassLoader.loadClass(Ljava/lang/String;Z)Ljava/lang/Class;+70
j  java.lang.ClassLoader.loadClass(Ljava/lang/String;Z)Ljava/lang/Class;+38
j  sun.misc.Launcher$AppClassLoader.loadClass(Ljava/lang/String;Z)Ljava/lang/Class;+81
j  java.lang.ClassLoader.loadClass(Ljava/lang/String;)Ljava/lang/Class;+3
v  ~StubRoutines::call_stub
j  java.lang.ClassLoader.defineClass1(Ljava/lang/String;[BIILjava/security/ProtectionDomain;Ljava/lang/String;)Ljava/lang/Class;+0
j  java.lang.ClassLoader.defineClass(Ljava/lang/String;[BIILjava/security/ProtectionDomain;)Ljava/lang/Class;+27
j  java.security.SecureClassLoader.defineClass(Ljava/lang/String;[BIILjava/security/CodeSource;)Ljava/lang/Class;+12
j  java.net.URLClassLoader.defineClass(Ljava/lang/String;Lsun/misc/Resource;)Ljava/lang/Class;+138
j  java.net.URLClassLoader.access$100(Ljava/net/URLClassLoader;Ljava/lang/String;Lsun/misc/Resource;)Ljava/lang/Class;+3
j  java.net.URLClassLoader$1.run()Ljava/lang/Class;+43
j  java.net.URLClassLoader$1.run()Ljava/lang/Object;+1
v  ~StubRoutines::call_stub
j  java.security.AccessController.doPrivileged(Ljava/security/PrivilegedExceptionAction;Ljava/security/AccessControlContext;)Ljava/lang/Object;+0
j  java.net.URLClassLoader.findClass(Ljava/lang/String;)Ljava/lang/Class;+13
j  java.lang.ClassLoader.loadClass(Ljava/lang/String;Z)Ljava/lang/Class;+70
j  sun.misc.Launcher$AppClassLoader.loadClass(Ljava/lang/String;Z)Ljava/lang/Class;+81
j  java.lang.ClassLoader.loadClass(Ljava/lang/String;)Ljava/lang/Class;+3
v  ~StubRoutines::call_stub
j  java.lang.ClassLoader.defineClass1(Ljava/lang/String;[BIILjava/security/ProtectionDomain;Ljava/lang/String;)Ljava/lang/Class;+0
j  java.lang.ClassLoader.defineClass(Ljava/lang/String;[BIILjava/security/ProtectionDomain;)Ljava/lang/Class;+27
j  java.security.SecureClassLoader.defineClass(Ljava/lang/String;[BIILjava/security/CodeSource;)Ljava/lang/Class;+12
j  java.net.URLClassLoader.defineClass(Ljava/lang/String;Lsun/misc/Resource;)Ljava/lang/Class;+138
j  java.net.URLClassLoader.access$100(Ljava/net/URLClassLoader;Ljava/lang/String;Lsun/misc/Resource;)Ljava/lang/Class;+3
j  java.net.URLClassLoader$1.run()Ljava/lang/Class;+43
j  java.net.URLClassLoader$1.run()Ljava/lang/Object;+1
v  ~StubRoutines::call_stub
j  java.security.AccessController.doPrivileged(Ljava/security/PrivilegedExceptionAction;Ljava/security/AccessControlContext;)Ljava/lang/Object;+0
j  java.net.URLClassLoader.findClass(Ljava/lang/String;)Ljava/lang/Class;+13
j  java.lang.ClassLoader.loadClass(Ljava/lang/String;Z)Ljava/lang/Class;+70
j  sun.misc.Launcher$AppClassLoader.loadClass(Ljava/lang/String;Z)Ljava/lang/Class;+81
j  java.lang.ClassLoader.loadClass(Ljava/lang/String;)Ljava/lang/Class;+3
v  ~StubRoutines::call_stub
j  com.android.dx.command.dexer.Main.createDexFile()V+1
j  com.android.dx.command.dexer.Main.processAllFiles()Z+1
j  com.android.dx.command.dexer.Main.runMultiDex()I+74
j  com.android.dx.command.dexer.Main.runDx(Lcom/android/dx/command/dexer/Main$Arguments;)I+76
j  com.android.dx.command.dexer.Main.main([Ljava/lang/String;)V+31
j  com.android.dx.command.Main.main([Ljava/lang/String;)V+61
v  ~StubRoutines::call_stub

---------------  P R O C E S S  ---------------

Java Threads: ( => current thread )
  0x0000000016384800 JavaThread "Service Thread" daemon [_thread_blocked, id=4560, stack(0x0000000016c90000,0x0000000016d90000)]
  0x0000000016321800 JavaThread "C1 CompilerThread2" daemon [_thread_blocked, id=9088, stack(0x0000000015da0000,0x0000000015ea0000)]
  0x0000000016310800 JavaThread "C2 CompilerThread1" daemon [_thread_blocked, id=3432, stack(0x0000000016b40000,0x0000000016c40000)]
  0x00000000162fb800 JavaThread "C2 CompilerThread0" daemon [_thread_blocked, id=7232, stack(0x00000000169b0000,0x0000000016ab0000)]
  0x00000000162fa800 JavaThread "Attach Listener" daemon [_thread_blocked, id=6104, stack(0x0000000016710000,0x0000000016810000)]
  0x0000000014e0b800 JavaThread "Signal Dispatcher" daemon [_thread_blocked, id=5720, stack(0x0000000016810000,0x0000000016910000)]
  0x0000000014df7000 JavaThread "Finalizer" daemon [_thread_blocked, id=3448, stack(0x00000000161f0000,0x00000000162f0000)]
  0x0000000014db0000 JavaThread "Reference Handler" daemon [_thread_blocked, id=7348, stack(0x0000000016060000,0x0000000016160000)]
=>0x00000000020f8000 JavaThread "main" [_thread_in_vm, id=6708, stack(0x0000000002350000,0x0000000002450000)]

Other Threads:
  0x0000000014da8800 VMThread [stack: 0x0000000015eb0000,0x0000000015fb0000] [id=6796]
  0x0000000016371800 WatcherThread [stack: 0x0000000016f70000,0x0000000017070000] [id=9136]

VM state:not at safepoint (normal execution)

VM Mutex/Monitor currently owned by a thread: None

Heap:
 PSYoungGen      total 38400K, used 2662K [0x00000000eab00000, 0x00000000ed580000, 0x0000000100000000)
  eden space 33280K, 8% used [0x00000000eab00000,0x00000000ead999e8,0x00000000ecb80000)
  from space 5120K, 0% used [0x00000000ed080000,0x00000000ed080000,0x00000000ed580000)
  to   space 5120K, 0% used [0x00000000ecb80000,0x00000000ecb80000,0x00000000ed080000)
 ParOldGen       total 87552K, used 0K [0x00000000c0000000, 0x00000000c5580000, 0x00000000eab00000)
  object space 87552K, 0% used [0x00000000c0000000,0x00000000c0000000,0x00000000c5580000)
 Metaspace       used 3108K, capacity 4656K, committed 4864K, reserved 1056768K
  class space    used 324K, capacity 424K, committed 512K, reserved 1048576K

Card table byte_map: [0x0000000011810000,0x0000000011a20000] byte_map_base: 0x0000000011210000

Marking Bits: (ParMarkBitMap*) 0x000000006ca018f0
 Begin Bits: [0x0000000012220000, 0x0000000013220000)
 End Bits:   [0x0000000013220000, 0x0000000014220000)

Polling page: 0x00000000001a0000

CodeCache: size=245760Kb used=1169Kb max_used=1169Kb free=244590Kb
 bounds [0x0000000002450000, 0x00000000026c0000, 0x0000000011450000]
 total_blobs=295 nmethods=53 adapters=156
 compilation: enabled

Compilation events (10 events):
Event: 1.118 Thread 0x0000000016321800   48   !   3       sun.misc.URLClassPath$JarLoader::getResource (85 bytes)
Event: 1.119 Thread 0x0000000016321800 nmethod 48 0x0000000002571b10 code [0x0000000002571da0, 0x0000000002572d38]
Event: 1.132 Thread 0x0000000016321800   49       3       java.util.zip.ZStreamRef::address (5 bytes)
Event: 1.133 Thread 0x0000000016321800 nmethod 49 0x00000000025736d0 code [0x0000000002573820, 0x0000000002573970]
Event: 1.133 Thread 0x0000000016321800   50       3       java.lang.String::endsWith (17 bytes)
Event: 1.133 Thread 0x0000000016321800 nmethod 50 0x00000000025739d0 code [0x0000000002573b40, 0x0000000002573d68]
Event: 1.139 Thread 0x0000000016321800   51       3       java.lang.String::<init> (10 bytes)
Event: 1.139 Thread 0x0000000016321800 nmethod 51 0x0000000002573e90 code [0x0000000002573fe0, 0x00000000025741b0]
Event: 1.147 Thread 0x0000000016321800   53       3       java.lang.Character::toLowerCase (6 bytes)
Event: 1.147 Thread 0x0000000016321800 nmethod 53 0x00000000025745d0 code [0x0000000002574740, 0x00000000025749d8]

GC Heap History (0 events):
No events

Deoptimization events (0 events):
No events

Internal exceptions (2 events):
Event: 0.032 Thread 0x00000000020f8000 Exception <a 'java/lang/NoSuchMethodError': Method sun.misc.Unsafe.defineClass(Ljava/lang/String;[BII)Ljava/lang/Class; name or signature does not match> (0x00000000eab07c78) thrown at [C:\src\android\AOSP-openjdk\external\jetbrains\jdk\hotspot\src\share\v^'iùNN ?
Event: 0.032 Thread 0x00000000020f8000 Exception <a 'java/lang/NoSuchMethodError': Method sun.misc.Unsafe.prefetchRead(Ljava/lang/Object;J)V name or signature does not match> (0x00000000eab07f60) thrown at [C:\src\android\AOSP-openjdk\external\jetbrains\jdk\hotspot\src\share\vm\prims\jni.cpp, l

Events (10 events):
Event: 1.133 loading class com/android/dx/rop/cst/Constant
Event: 1.133 loading class com/android/dx/rop/cst/Constant done
Event: 1.138 loading class com/android/dx/util/ToHuman
Event: 1.138 loading class com/android/dx/util/ToHuman done
Event: 1.143 loading class com/android/dx/rop/cst/CstType
Event: 1.143 loading class com/android/dx/rop/cst/CstType done
Event: 1.147 loading class com/android/dx/rop/cst/TypedConstant
Event: 1.147 loading class com/android/dx/rop/cst/TypedConstant done
Event: 1.152 loading class com/android/dx/rop/type/TypeBearer
Event: 1.152 loading class com/android/dx/rop/type/TypeBearer done


Dynamic libraries:
0x000000013fdd0000 - 0x000000013fe01000 	D:\Android\Android Studio\jre\bin\java.exe
0x00000000774a0000 - 0x000000007764a000 	C:\Windows\SYSTEM32\ntdll.dll
0x0000000077280000 - 0x000000007739f000 	C:\Windows\system32\kernel32.dll
0x000007fefd480000 - 0x000007fefd4ea000 	C:\Windows\system32\KERNELBASE.dll
0x000007fefe920000 - 0x000007fefe9fb000 	C:\Windows\system32\ADVAPI32.dll
0x000007fefda60000 - 0x000007fefdaff000 	C:\Windows\system32\msvcrt.dll
0x000007feff470000 - 0x000007feff48f000 	C:\Windows\SYSTEM32\sechost.dll
0x000007fefebc0000 - 0x000007fefeced000 	C:\Windows\system32\RPCRT4.dll
0x00000000773a0000 - 0x000000007749a000 	C:\Windows\system32\USER32.dll
0x000007fefd7d0000 - 0x000007fefd837000 	C:\Windows\system32\GDI32.dll
0x000007fefd7c0000 - 0x000007fefd7ce000 	C:\Windows\system32\LPK.dll
0x000007fefeaf0000 - 0x000007fefebbb000 	C:\Windows\system32\USP10.dll
0x000007fefba90000 - 0x000007fefbc84000 	C:\Windows\WinSxS\amd64_microsoft.windows.common-controls_6595b64144ccf1df_6.0.7601.18837_none_fa3b1e3d17594757\COMCTL32.dll
0x000007feff5a0000 - 0x000007feff611000 	C:\Windows\system32\SHLWAPI.dll
0x000007fefea00000 - 0x000007fefea2e000 	C:\Windows\system32\IMM32.DLL
0x000007feff490000 - 0x000007feff599000 	C:\Windows\system32\MSCTF.dll
0x0000000053860000 - 0x0000000053932000 	D:\Android\Android Studio\jre\jre\bin\msvcr100.dll
0x000000006c240000 - 0x000000006ca7c000 	D:\Android\Android Studio\jre\jre\bin\server\jvm.dll
0x000007fef8d00000 - 0x000007fef8d09000 	C:\Windows\system32\WSOCK32.dll
0x000007fefd840000 - 0x000007fefd88d000 	C:\Windows\system32\WS2_32.dll
0x000007fefe910000 - 0x000007fefe918000 	C:\Windows\system32\NSI.dll
0x000007fef8d70000 - 0x000007fef8dab000 	C:\Windows\system32\WINMM.dll
0x000007fefc4e0000 - 0x000007fefc4ec000 	C:\Windows\system32\VERSION.dll
0x0000000077660000 - 0x0000000077667000 	C:\Windows\system32\PSAPI.DLL
0x000007feed530000 - 0x000007feed53f000 	D:\Android\Android Studio\jre\jre\bin\verify.dll
0x000007feed500000 - 0x000007feed529000 	D:\Android\Android Studio\jre\jre\bin\java.dll
0x000007feed4e0000 - 0x000007feed4f6000 	D:\Android\Android Studio\jre\jre\bin\zip.dll
0x000007fefdb80000 - 0x000007fefe90a000 	C:\Windows\system32\SHELL32.dll
0x000007fefedd0000 - 0x000007fefefcc000 	C:\Windows\system32\ole32.dll
0x000007fefd3b0000 - 0x000007fefd3bf000 	C:\Windows\system32\profapi.dll
0x000007feec1a0000 - 0x000007feec2c5000 	C:\Windows\system32\dbghelp.dll

VM Arguments:
jvm_args: -Djava.awt.headless=true -Xmx1024M -Dfile.encoding=GBK -Duser.country=CN -Duser.language=zh -Duser.variant 
java_command: com.android.dx.command.Main --dex --force-jumbo --num-threads=4 --multi-dex --output C:\Users\Administrator\Desktop\NationalGeographicDemo\app\build\intermediates\transforms\dex\debug\folders\1000\10000\instant-run-bootstrap_ae36720623a4bad10908e051388ce15c47e51a50 C:\Users\Administrator\Desktop\NationalGeographicDemo\app\build\intermediates\incremental-classes\debug\instant-run-bootstrap.jar
java_class_path (initial): D:\Android\sdk\build-tools\26.0.1\lib\dx.jar
Launcher Type: SUN_STANDARD

Environment Variables:
PATH=C:\Python27\;C:\Python27\Scripts;C:\Windows\system32;C:\Windows;C:\Windows\System32\Wbem;C:\Windows\System32\WindowsPowerShell\v1.0\;E:\jinhui_workspace\Java\jdk1.8.0_121\bin;C:\Program Files\Microsoft SQL Server\130\Tools\Binn\;C:\Python27;C:\Program Files\Git\cmd;C:\ProgramData\chocolatey\bin;E:\jinhui_workspace\Node.js\;D:\Android\sdk\tools;D:\Android\sdk\platform-tools;C:\Program Files\TortoiseGit\bin;C:\Windows\System32;%ANDROID_NDK%;%ANDROID_HOME%;E:\jinhui_workspace\cocos2d-x-3.15\templates;E:\jinhui_workspace\cocos2d-x-3.15\tools\cocos2d-console\bin;\cocos2d-x-3.14.1\templates;E:\jinhui_workspace\VSCode\Microsoft VS Code\bin;D:\Android\sdk\tools;D:\Android\sdk\platform-tools;D:\Android\Android Studio\gradle\gradle-3.2\BIN;%JAVA_HOME%;D:\Android\sdk;C:\Users\Administrator\AppData\Local\atom\bin;C:\Users\Administrator\AppData\Roaming\npm;D:\Android\sdk\android-ndk-r10e;D:\Android\sdk;
USERNAME=Administrator
OS=Windows_NT
PROCESSOR_IDENTIFIER=Intel64 Family 6 Model 94 Stepping 3, GenuineIntel



---------------  S Y S T E M  ---------------

OS: Windows 7 , 64 bit Build 7601 (6.1.7601.23889)

CPU:total 4 (4 cores per cpu, 1 threads per core) family 6 model 94 stepping 3, cmov, cx8, fxsr, mmx, sse, sse2, sse3, ssse3, sse4.1, sse4.2, popcnt, avx, avx2, aes, clmul, erms, 3dnowpref, lzcnt, tsc, tscinvbit, bmi1, bmi2, adx

Memory: 4k page, physical 8272300k(420692k free), swap 10367592k(23568k free)

vm_info: OpenJDK 64-Bit Server VM (25.112-b06) for windows-amd64 JRE (1.8.0_112-release-b06), built on Dec  8 2016 00:54:26 by "builder" with MS VC++ 10.0 (VS2010)

time: Thu Oct 12 15:11:53 2017
elapsed time: 1 seconds (0d 0h 0m 1s)

