#
# There is insufficient memory for the Java Runtime Environment to continue.
# Native memory allocation (malloc) failed to allocate 32744 bytes for ChunkPool::allocate
# Possible reasons:
#   The system is out of physical RAM or swap space
#   In 32 bit mode, the process size limit was hit
# Possible solutions:
#   Reduce memory load on the system
#   Increase physical memory or swap space
#   Check if swap backing store is full
#   Use 64 bit Java on a 64 bit OS
#   Decrease Java heap size (-Xmx/-Xms)
#   Decrease number of Java threads
#   Decrease Java thread stack sizes (-Xss)
#   Set larger code cache with -XX:ReservedCodeCacheSize=
# This output file may be truncated or incomplete.
#
#  Out of Memory Error (allocation.cpp:273), pid=5600, tid=0x0000000000002278
#
# JRE version: OpenJDK Runtime Environment (8.0_112-b06) (build 1.8.0_112-release-b06)
# Java VM: OpenJDK 64-Bit Server VM (25.112-b06 mixed mode windows-amd64 compressed oops)
# Failed to write core dump. Minidumps are not enabled by default on client versions of Windows
#

---------------  T H R E A D  ---------------

Current thread (0x0000000016390000):  JavaThread "C2 CompilerThread1" daemon [_thread_in_native, id=8824, stack(0x00000000167d0000,0x00000000168d0000)]

Stack: [0x00000000167d0000,0x00000000168d0000]
[error occurred during error reporting (printing stack bounds), id 0xc0000005]

Native frames: (J=compiled Java code, j=interpreted, Vv=VM code, C=native code)


Current CompileTask:
C2:    640  699       4       com.android.dx.ssa.back.LivenessAnalyzer::handleTailRecursion (94 bytes)


---------------  P R O C E S S  ---------------

Java Threads: ( => current thread )
  0x0000000016552000 JavaThread "pool-2-thread-4" [_thread_blocked, id=8920, stack(0x00000000176a0000,0x00000000177a0000)]
  0x000000001654f000 JavaThread "pool-2-thread-3" [_thread_blocked, id=8992, stack(0x0000000016e40000,0x0000000016f40000)]
  0x0000000016545800 JavaThread "pool-2-thread-2" [_thread_in_Java, id=9108, stack(0x00000000174c0000,0x00000000175c0000)]
  0x0000000016544000 JavaThread "pool-3-thread-1" [_thread_blocked, id=6776, stack(0x0000000017310000,0x0000000017410000)]
  0x0000000016536000 JavaThread "pool-2-thread-1" [_thread_in_Java, id=3604, stack(0x00000000171d0000,0x00000000172d0000)]
  0x00000000163f5000 JavaThread "Service Thread" daemon [_thread_blocked, id=8832, stack(0x0000000016fb0000,0x00000000170b0000)]
  0x0000000016391000 JavaThread "C1 CompilerThread2" daemon [_thread_blocked, id=3420, stack(0x0000000016ce0000,0x0000000016de0000)]
=>0x0000000016390000 JavaThread "C2 CompilerThread1" daemon [_thread_in_native, id=8824, stack(0x00000000167d0000,0x00000000168d0000)]
  0x0000000014dec800 JavaThread "C2 CompilerThread0" daemon [_thread_in_native, id=8600, stack(0x0000000016b40000,0x0000000016c40000)]
  0x000000001637b000 JavaThread "Attach Listener" daemon [_thread_blocked, id=8576, stack(0x0000000016930000,0x0000000016a30000)]
  0x0000000014de9800 JavaThread "Signal Dispatcher" daemon [_thread_blocked, id=6128, stack(0x0000000015fb0000,0x00000000160b0000)]
  0x0000000014dc7000 JavaThread "Finalizer" daemon [_thread_blocked, id=7424, stack(0x0000000016270000,0x0000000016370000)]
  0x0000000014d80000 JavaThread "Reference Handler" daemon [_thread_blocked, id=9060, stack(0x00000000160f0000,0x00000000161f0000)]
  0x00000000020e8000 JavaThread "main" [_thread_in_vm, id=8368, stack(0x0000000002360000,0x0000000002460000)]

Other Threads:
  0x0000000014d78800 VMThread [stack: 0x0000000015e10000,0x0000000015f10000] [id=8500]
  0x00000000163f9000 WatcherThread [stack: 0x00000000170c0000,0x00000000171c0000] [id=7316]

VM state:not at safepoint (normal execution)

VM Mutex/Monitor currently owned by a thread: None

Heap:
 PSYoungGen      total 38400K, used 18896K [0x00000000eab00000, 0x00000000ed580000, 0x0000000100000000)
  eden space 33280K, 56% used [0x00000000eab00000,0x00000000ebd74250,0x00000000ecb80000)
  from space 5120K, 0% used [0x00000000ed080000,0x00000000ed080000,0x00000000ed580000)
  to   space 5120K, 0% used [0x00000000ecb80000,0x00000000ecb80000,0x00000000ed080000)
 ParOldGen       total 87552K, used 0K [0x00000000c0000000, 0x00000000c5580000, 0x00000000eab00000)
  object space 87552K, 0% used [0x00000000c0000000,0x00000000c0000000,0x00000000c5580000)
 Metaspace       used 5753K, capacity 6704K, committed 6784K, reserved 1056768K
  class space    used 578K, capacity 616K, committed 640K, reserved 1048576K

Card table byte_map: [0x0000000011820000,0x0000000011a30000] byte_map_base: 0x0000000011220000

Marking Bits: (ParMarkBitMap*) 0x000000006ca018f0
 Begin Bits: [0x00000000121f0000, 0x00000000131f0000)
 End Bits:   [0x00000000131f0000, 0x00000000141f0000)

Polling page: 0x0000000000310000

CodeCache: size=245760Kb used=2572Kb max_used=2584Kb free=243187Kb
 bounds [0x0000000002460000, 0x00000000026f0000, 0x0000000011460000]
 total_blobs=926 nmethods=655 adapters=185
 compilation: enabled

Compilation events (10 events):
Event: 0.619 Thread 0x0000000016390000 nmethod 688 0x00000000026e2610 code [0x00000000026e2760, 0x00000000026e2858]
Event: 0.619 Thread 0x0000000016390000  689       4       com.android.dx.util.BitIntSet::add (15 bytes)
Event: 0.620 Thread 0x0000000016390000 nmethod 689 0x00000000026e67d0 code [0x00000000026e6920, 0x00000000026e6b58]
Event: 0.620 Thread 0x0000000016390000  691       4       com.android.dx.rop.code.RegisterSpec::equals (51 bytes)
Event: 0.622 Thread 0x0000000016390000 nmethod 691 0x00000000026e5e10 code [0x00000000026e5f60, 0x00000000026e6358]
Event: 0.622 Thread 0x0000000016390000  697       4       java.lang.Object::equals (11 bytes)
Event: 0.622 Thread 0x0000000016390000 nmethod 697 0x00000000026c4b50 code [0x00000000026c4c80, 0x00000000026c4cd8]
Event: 0.622 Thread 0x0000000016390000  694       4       com.android.dx.ssa.DeadCodeRemover::hasSideEffect (11 bytes)
Event: 0.625 Thread 0x0000000016390000 nmethod 694 0x00000000026e5750 code [0x00000000026e58a0, 0x00000000026e5a78]
Event: 0.625 Thread 0x0000000016390000  699       4       com.android.dx.ssa.back.LivenessAnalyzer::handleTailRecursion (94 bytes)

GC Heap History (0 events):
No events

Deoptimization events (6 events):
Event: 0.567 Thread 0x0000000016545800 Uncommon trap: reason=unstable_if action=reinterpret pc=0x0000000002658c08 method=java.util.HashMap.getNode(ILjava/lang/Object;)Ljava/util/HashMap$Node; @ 62
Event: 0.577 Thread 0x000000001654f000 Uncommon trap: reason=unstable_if action=reinterpret pc=0x0000000002660420 method=java.util.BitSet.nextSetBit(I)I @ 87
Event: 0.619 Thread 0x000000001654f000 Uncommon trap: reason=class_check action=maybe_recompile pc=0x000000000266c220 method=com.android.dx.ssa.NormalSsaInsn.accept(Lcom/android/dx/ssa/SsaInsn$Visitor;)V @ 9
Event: 0.619 Thread 0x000000001654f000 Uncommon trap: reason=class_check action=maybe_recompile pc=0x000000000266c220 method=com.android.dx.ssa.NormalSsaInsn.accept(Lcom/android/dx/ssa/SsaInsn$Visitor;)V @ 9
Event: 0.619 Thread 0x000000001654f000 Uncommon trap: reason=class_check action=maybe_recompile pc=0x000000000266c220 method=com.android.dx.ssa.NormalSsaInsn.accept(Lcom/android/dx/ssa/SsaInsn$Visitor;)V @ 9
Event: 0.619 Thread 0x000000001654f000 Uncommon trap: reason=class_check action=maybe_recompile pc=0x000000000266c220 method=com.android.dx.ssa.NormalSsaInsn.accept(Lcom/android/dx/ssa/SsaInsn$Visitor;)V @ 9

Internal exceptions (2 events):
Event: 0.025 Thread 0x00000000020e8000 Exception <a 'java/lang/NoSuchMethodError': Method sun.misc.Unsafe.defineClass(Ljava/lang/String;[BII)Ljava/lang/Class; name or signature does not match> (0x00000000eab07c78) thrown at [C:\src\android\AOSP-openjdk\external\jetbrains\jdk\hotspot\src\share\vØ	SþÚ™?
Event: 0.025 Thread 0x00000000020e8000 Exception <a 'java/lang/NoSuchMethodError': Method sun.misc.Unsafe.prefetchRead(Ljava/lang/Object;J)V name or signature does not match> (0x00000000eab07f60) thrown at [C:\src\android\AOSP-openjdk\external\jetbrains\jdk\hotspot\src\share\vm\prims\jni.cpp, l

Events (10 events):
Event: 0.619 Thread 0x000000001654f000 DEOPT PACKING pc=0x000000000266c220 sp=0x0000000016f3e4b0
Event: 0.619 Thread 0x000000001654f000 DEOPT UNPACKING pc=0x00000000024a556a sp=0x0000000016f3e440 mode 2
Event: 0.619 Thread 0x000000001654f000 Uncommon trap: trap_request=0xffffffde fr.pc=0x000000000266c220
Event: 0.619 Thread 0x000000001654f000 DEOPT PACKING pc=0x000000000266c220 sp=0x0000000016f3e3f0
Event: 0.619 Thread 0x000000001654f000 DEOPT UNPACKING pc=0x00000000024a556a sp=0x0000000016f3e380 mode 2
Event: 0.619 Thread 0x000000001654f000 Uncommon trap: trap_request=0xffffffde fr.pc=0x000000000266c220
Event: 0.619 Thread 0x000000001654f000 DEOPT PACKING pc=0x000000000266c220 sp=0x0000000016f3e740
Event: 0.619 Thread 0x000000001654f000 DEOPT UNPACKING pc=0x00000000024a556a sp=0x0000000016f3e6d0 mode 2
Event: 0.639 loading class com/android/dx/cf/code/SwitchList
Event: 0.639 loading class com/android/dx/cf/code/SwitchList done


Dynamic libraries:
0x000000013fdd0000 - 0x000000013fe01000 	D:\Android\Android Studio\jre\bin\java.exe
0x00000000774a0000 - 0x000000007764a000 	C:\Windows\SYSTEM32\ntdll.dll
0x0000000077280000 - 0x000000007739f000 	C:\Windows\system32\kernel32.dll
0x000007fefd480000 - 0x000007fefd4ea000 	C:\Windows\system32\KERNELBASE.dll
0x000007fefe920000 - 0x000007fefe9fb000 	C:\Windows\system32\ADVAPI32.dll
0x000007fefda60000 - 0x000007fefdaff000 	C:\Windows\system32\msvcrt.dll
0x000007feff470000 - 0x000007feff48f000 	C:\Windows\SYSTEM32\sechost.dll
0x000007fefebc0000 - 0x000007fefeced000 	C:\Windows\system32\RPCRT4.dll
0x00000000773a0000 - 0x000000007749a000 	C:\Windows\system32\USER32.dll
0x000007fefd7d0000 - 0x000007fefd837000 	C:\Windows\system32\GDI32.dll
0x000007fefd7c0000 - 0x000007fefd7ce000 	C:\Windows\system32\LPK.dll
0x000007fefeaf0000 - 0x000007fefebbb000 	C:\Windows\system32\USP10.dll
0x000007fefba90000 - 0x000007fefbc84000 	C:\Windows\WinSxS\amd64_microsoft.windows.common-controls_6595b64144ccf1df_6.0.7601.18837_none_fa3b1e3d17594757\COMCTL32.dll
0x000007feff5a0000 - 0x000007feff611000 	C:\Windows\system32\SHLWAPI.dll
0x000007fefea00000 - 0x000007fefea2e000 	C:\Windows\system32\IMM32.DLL
0x000007feff490000 - 0x000007feff599000 	C:\Windows\system32\MSCTF.dll
0x0000000053860000 - 0x0000000053932000 	D:\Android\Android Studio\jre\jre\bin\msvcr100.dll
0x000000006c240000 - 0x000000006ca7c000 	D:\Android\Android Studio\jre\jre\bin\server\jvm.dll
0x000007fef8d00000 - 0x000007fef8d09000 	C:\Windows\system32\WSOCK32.dll
0x000007fefd840000 - 0x000007fefd88d000 	C:\Windows\system32\WS2_32.dll
0x000007fefe910000 - 0x000007fefe918000 	C:\Windows\system32\NSI.dll
0x000007fef8d70000 - 0x000007fef8dab000 	C:\Windows\system32\WINMM.dll
0x000007fefc4e0000 - 0x000007fefc4ec000 	C:\Windows\system32\VERSION.dll
0x0000000077660000 - 0x0000000077667000 	C:\Windows\system32\PSAPI.DLL
0x000007feed530000 - 0x000007feed53f000 	D:\Android\Android Studio\jre\jre\bin\verify.dll
0x000007feed500000 - 0x000007feed529000 	D:\Android\Android Studio\jre\jre\bin\java.dll
0x000007feed4e0000 - 0x000007feed4f6000 	D:\Android\Android Studio\jre\jre\bin\zip.dll
0x000007fefdb80000 - 0x000007fefe90a000 	C:\Windows\system32\SHELL32.dll
0x000007fefedd0000 - 0x000007fefefcc000 	C:\Windows\system32\ole32.dll
0x000007fefd3b0000 - 0x000007fefd3bf000 	C:\Windows\system32\profapi.dll

VM Arguments:
jvm_args: -Djava.awt.headless=true -Xmx1024M -Dfile.encoding=GBK -Duser.country=CN -Duser.language=zh -Duser.variant 
java_command: com.android.dx.command.Main --dex --force-jumbo --num-threads=4 --multi-dex --output C:\Users\Administrator\Desktop\NationalGeographicDemo\app\build\intermediates\transforms\dex\debug\folders\1000\10000\instant-run_db98354f3f09bf3eee7b5d94406294f9a91384e7 C:\Users\Administrator\Desktop\NationalGeographicDemo\app\build\intermediates\incremental-runtime-classes\debug\instant-run.jar
java_class_path (initial): D:\Android\sdk\build-tools\26.0.1\lib\dx.jar
Launcher Type: SUN_STANDARD

Environment Variables:
PATH=C:\Python27\;C:\Python27\Scripts;C:\Windows\system32;C:\Windows;C:\Windows\System32\Wbem;C:\Windows\System32\WindowsPowerShell\v1.0\;E:\jinhui_workspace\Java\jdk1.8.0_121\bin;C:\Program Files\Microsoft SQL Server\130\Tools\Binn\;C:\Python27;C:\Program Files\Git\cmd;C:\ProgramData\chocolatey\bin;E:\jinhui_workspace\Node.js\;D:\Android\sdk\tools;D:\Android\sdk\platform-tools;C:\Program Files\TortoiseGit\bin;C:\Windows\System32;%ANDROID_NDK%;%ANDROID_HOME%;E:\jinhui_workspace\cocos2d-x-3.15\templates;E:\jinhui_workspace\cocos2d-x-3.15\tools\cocos2d-console\bin;\cocos2d-x-3.14.1\templates;E:\jinhui_workspace\VSCode\Microsoft VS Code\bin;D:\Android\sdk\tools;D:\Android\sdk\platform-tools;D:\Android\Android Studio\gradle\gradle-3.2\BIN;%JAVA_HOME%;D:\Android\sdk;C:\Users\Administrator\AppData\Local\atom\bin;C:\Users\Administrator\AppData\Roaming\npm;D:\Android\sdk\android-ndk-r10e;D:\Android\sdk;
USERNAME=Administrator
OS=Windows_NT
PROCESSOR_IDENTIFIER=Intel64 Family 6 Model 94 Stepping 3, GenuineIntel



---------------  S Y S T E M  ---------------

OS: Windows 7 , 64 bit Build 7601 (6.1.7601.23889)

CPU:total 4 (4 cores per cpu, 1 threads per core) family 6 model 94 stepping 3, cmov, cx8, fxsr, mmx, sse, sse2, sse3, ssse3, sse4.1, sse4.2, popcnt, avx, avx2, aes, clmul, erms, 3dnowpref, lzcnt, tsc, tscinvbit, bmi1, bmi2, adx

Memory: 4k page, physical 8272300k(400244k free), swap 10367592k(5096k free)

vm_info: OpenJDK 64-Bit Server VM (25.112-b06) for windows-amd64 JRE (1.8.0_112-release-b06), built on Dec  8 2016 00:54:26 by "builder" with MS VC++ 10.0 (VS2010)

time: Thu Oct 12 15:11:55 2017
elapsed time: 0 seconds (0d 0h 0m 0s)

