#
# There is insufficient memory for the Java Runtime Environment to continue.
# Native memory allocation (malloc) failed to allocate 32744 bytes for ChunkPool::allocate
# Possible reasons:
#   The system is out of physical RAM or swap space
#   In 32 bit mode, the process size limit was hit
# Possible solutions:
#   Reduce memory load on the system
#   Increase physical memory or swap space
#   Check if swap backing store is full
#   Use 64 bit Java on a 64 bit OS
#   Decrease Java heap size (-Xmx/-Xms)
#   Decrease number of Java threads
#   Decrease Java thread stack sizes (-Xss)
#   Set larger code cache with -XX:ReservedCodeCacheSize=
# This output file may be truncated or incomplete.
#
#  Out of Memory Error (allocation.cpp:273), pid=2432, tid=0x0000000000002350
#
# JRE version: OpenJDK Runtime Environment (8.0_112-b06) (build 1.8.0_112-release-b06)
# Java VM: OpenJDK 64-Bit Server VM (25.112-b06 mixed mode windows-amd64 compressed oops)
# Failed to write core dump. Minidumps are not enabled by default on client versions of Windows
#

---------------  T H R E A D  ---------------

Current thread (0x0000000016261000):  JavaThread "C2 CompilerThread1" daemon [_thread_in_native, id=9040, stack(0x0000000016b50000,0x0000000016c50000)]

Stack: [0x0000000016b50000,0x0000000016c50000]
[error occurred during error reporting (printing stack bounds), id 0xc0000005]

Native frames: (J=compiled Java code, j=interpreted, Vv=VM code, C=native code)


Current CompileTask:
C2:    317  430       4       java.util.HashMap::getNode (148 bytes)


---------------  P R O C E S S  ---------------

Java Threads: ( => current thread )
  0x0000000016556000 JavaThread "pool-2-thread-4" [_thread_blocked, id=8532, stack(0x0000000017750000,0x0000000017850000)]
  0x0000000016554800 JavaThread "pool-2-thread-3" [_thread_in_Java, id=8288, stack(0x0000000017650000,0x0000000017750000)]
  0x0000000016466800 JavaThread "pool-2-thread-2" [_thread_in_Java, id=6856, stack(0x00000000174c0000,0x00000000175c0000)]
  0x0000000016464000 JavaThread "pool-3-thread-1" [_thread_blocked, id=3540, stack(0x0000000017280000,0x0000000017380000)]
  0x0000000016450000 JavaThread "pool-2-thread-1" [_thread_blocked, id=3216, stack(0x00000000168f0000,0x00000000169f0000)]
  0x00000000162c4800 JavaThread "Service Thread" daemon [_thread_blocked, id=7244, stack(0x0000000016eb0000,0x0000000016fb0000)]
  0x0000000016262000 JavaThread "C1 CompilerThread2" daemon [_thread_in_native, id=9036, stack(0x0000000016cb0000,0x0000000016db0000)]
=>0x0000000016261000 JavaThread "C2 CompilerThread1" daemon [_thread_in_native, id=9040, stack(0x0000000016b50000,0x0000000016c50000)]
  0x0000000014e6d000 JavaThread "C2 CompilerThread0" daemon [_thread_blocked, id=6764, stack(0x0000000016a00000,0x0000000016b00000)]
  0x000000001624a800 JavaThread "Attach Listener" daemon [_thread_blocked, id=8340, stack(0x00000000167f0000,0x00000000168f0000)]
  0x0000000014e5b800 JavaThread "Signal Dispatcher" daemon [_thread_blocked, id=6724, stack(0x0000000016660000,0x0000000016760000)]
  0x0000000014e47800 JavaThread "Finalizer" daemon [_thread_blocked, id=8172, stack(0x0000000016140000,0x0000000016240000)]
  0x0000000014e00000 JavaThread "Reference Handler" daemon [_thread_blocked, id=9016, stack(0x0000000015f20000,0x0000000016020000)]
  0x0000000002238000 JavaThread "main" [_thread_blocked, id=7388, stack(0x0000000002470000,0x0000000002570000)]

Other Threads:
  0x0000000014df8800 VMThread [stack: 0x0000000015d60000,0x0000000015e60000] [id=6432]
  0x00000000162f8800 WatcherThread [stack: 0x00000000170e0000,0x00000000171e0000] [id=6952]

VM state:not at safepoint (normal execution)

VM Mutex/Monitor currently owned by a thread: None

Heap:
 PSYoungGen      total 38400K, used 12243K [0x00000000eab00000, 0x00000000ed580000, 0x0000000100000000)
  eden space 33280K, 36% used [0x00000000eab00000,0x00000000eb6f4e40,0x00000000ecb80000)
  from space 5120K, 0% used [0x00000000ed080000,0x00000000ed080000,0x00000000ed580000)
  to   space 5120K, 0% used [0x00000000ecb80000,0x00000000ecb80000,0x00000000ed080000)
 ParOldGen       total 87552K, used 0K [0x00000000c0000000, 0x00000000c5580000, 0x00000000eab00000)
  object space 87552K, 0% used [0x00000000c0000000,0x00000000c0000000,0x00000000c5580000)
 Metaspace       used 5244K, capacity 6448K, committed 6528K, reserved 1056768K
  class space    used 558K, capacity 616K, committed 640K, reserved 1048576K

Card table byte_map: [0x0000000011930000,0x0000000011b40000] byte_map_base: 0x0000000011330000

Marking Bits: (ParMarkBitMap*) 0x000000006ca018f0
 Begin Bits: [0x0000000012270000, 0x0000000013270000)
 End Bits:   [0x0000000013270000, 0x0000000014270000)

Polling page: 0x0000000000220000

CodeCache: size=245760Kb used=1886Kb max_used=1886Kb free=243873Kb
 bounds [0x0000000002570000, 0x00000000027e0000, 0x0000000011570000]
 total_blobs=698 nmethods=433 adapters=177
 compilation: enabled

Compilation events (10 events):
Event: 0.314 Thread 0x0000000016261000  430       4       java.util.HashMap::getNode (148 bytes)
Event: 0.314 Thread 0x0000000016262000  431       1       com.android.dx.cf.attrib.AttCode::getCatches (5 bytes)
Event: 0.314 Thread 0x0000000016262000 nmethod 431 0x0000000002743e50 code [0x0000000002743fa0, 0x00000000027440b0]
Event: 0.314 Thread 0x0000000016262000  432       3       com.android.dx.cf.code.BasicBlocker::addWorkIfNecessary (32 bytes)
Event: 0.315 Thread 0x0000000016262000 nmethod 432 0x0000000002744110 code [0x00000000027442a0, 0x0000000002744670]
Event: 0.315 Thread 0x0000000016262000  435       3       com.android.dx.util.LabeledList::addLabelIndex (43 bytes)
Event: 0.315 Thread 0x0000000016262000 nmethod 435 0x0000000002744990 code [0x0000000002744b20, 0x0000000002744f58]
Event: 0.315 Thread 0x0000000016262000  436       3       com.android.dx.util.ByteArray::getInt (47 bytes)
Event: 0.315 Thread 0x0000000016262000 nmethod 436 0x0000000002745110 code [0x00000000027452a0, 0x0000000002745688]
Event: 0.315 Thread 0x0000000016262000  433   !   3       com.android.dx.cf.code.BytecodeArray::parseInstruction (2764 bytes)

GC Heap History (0 events):
No events

Deoptimization events (0 events):
No events

Internal exceptions (2 events):
Event: 0.026 Thread 0x0000000002238000 Exception <a 'java/lang/NoSuchMethodError': Method sun.misc.Unsafe.defineClass(Ljava/lang/String;[BII)Ljava/lang/Class; name or signature does not match> (0x00000000eab07c78) thrown at [C:\src\android\AOSP-openjdk\external\jetbrains\jdk\hotspot\src\share\v›2Äíl›?
Event: 0.026 Thread 0x0000000002238000 Exception <a 'java/lang/NoSuchMethodError': Method sun.misc.Unsafe.prefetchRead(Ljava/lang/Object;J)V name or signature does not match> (0x00000000eab07f60) thrown at [C:\src\android\AOSP-openjdk\external\jetbrains\jdk\hotspot\src\share\vm\prims\jni.cpp, l

Events (10 events):
Event: 0.313 loading class java/io/PrintWriter
Event: 0.313 loading class java/io/PrintWriter done
Event: 0.313 loading class com/android/dx/dex/file/DebugInfoItem
Event: 0.313 loading class com/android/dx/dex/file/DebugInfoItem done
Event: 0.314 loading class com/android/dx/rop/annotation/AnnotationsList
Event: 0.314 loading class com/android/dx/rop/annotation/AnnotationsList done
Event: 0.314 loading class com/android/dx/dex/file/MethodIdItem
Event: 0.314 loading class com/android/dx/dex/file/MethodIdItem done
Event: 0.314 loading class com/android/dx/cf/code/SwitchList
Event: 0.314 loading class com/android/dx/cf/code/SwitchList done


Dynamic libraries:
0x000000013fdd0000 - 0x000000013fe01000 	D:\Android\Android Studio\jre\bin\java.exe
0x00000000774a0000 - 0x000000007764a000 	C:\Windows\SYSTEM32\ntdll.dll
0x0000000077280000 - 0x000000007739f000 	C:\Windows\system32\kernel32.dll
0x000007fefd480000 - 0x000007fefd4ea000 	C:\Windows\system32\KERNELBASE.dll
0x000007fefe920000 - 0x000007fefe9fb000 	C:\Windows\system32\ADVAPI32.dll
0x000007fefda60000 - 0x000007fefdaff000 	C:\Windows\system32\msvcrt.dll
0x000007feff470000 - 0x000007feff48f000 	C:\Windows\SYSTEM32\sechost.dll
0x000007fefebc0000 - 0x000007fefeced000 	C:\Windows\system32\RPCRT4.dll
0x00000000773a0000 - 0x000000007749a000 	C:\Windows\system32\USER32.dll
0x000007fefd7d0000 - 0x000007fefd837000 	C:\Windows\system32\GDI32.dll
0x000007fefd7c0000 - 0x000007fefd7ce000 	C:\Windows\system32\LPK.dll
0x000007fefeaf0000 - 0x000007fefebbb000 	C:\Windows\system32\USP10.dll
0x000007fefba90000 - 0x000007fefbc84000 	C:\Windows\WinSxS\amd64_microsoft.windows.common-controls_6595b64144ccf1df_6.0.7601.18837_none_fa3b1e3d17594757\COMCTL32.dll
0x000007feff5a0000 - 0x000007feff611000 	C:\Windows\system32\SHLWAPI.dll
0x000007fefea00000 - 0x000007fefea2e000 	C:\Windows\system32\IMM32.DLL
0x000007feff490000 - 0x000007feff599000 	C:\Windows\system32\MSCTF.dll
0x0000000053860000 - 0x0000000053932000 	D:\Android\Android Studio\jre\jre\bin\msvcr100.dll
0x000000006c240000 - 0x000000006ca7c000 	D:\Android\Android Studio\jre\jre\bin\server\jvm.dll
0x000007fef8d00000 - 0x000007fef8d09000 	C:\Windows\system32\WSOCK32.dll
0x000007fefd840000 - 0x000007fefd88d000 	C:\Windows\system32\WS2_32.dll
0x000007fefe910000 - 0x000007fefe918000 	C:\Windows\system32\NSI.dll
0x000007fef8d70000 - 0x000007fef8dab000 	C:\Windows\system32\WINMM.dll
0x000007fefc4e0000 - 0x000007fefc4ec000 	C:\Windows\system32\VERSION.dll
0x0000000077660000 - 0x0000000077667000 	C:\Windows\system32\PSAPI.DLL
0x000007feed530000 - 0x000007feed53f000 	D:\Android\Android Studio\jre\jre\bin\verify.dll
0x000007feed500000 - 0x000007feed529000 	D:\Android\Android Studio\jre\jre\bin\java.dll
0x000007feed4e0000 - 0x000007feed4f6000 	D:\Android\Android Studio\jre\jre\bin\zip.dll
0x000007fefdb80000 - 0x000007fefe90a000 	C:\Windows\system32\SHELL32.dll
0x000007fefedd0000 - 0x000007fefefcc000 	C:\Windows\system32\ole32.dll
0x000007fefd3b0000 - 0x000007fefd3bf000 	C:\Windows\system32\profapi.dll

VM Arguments:
jvm_args: -Djava.awt.headless=true -Xmx1024M -Dfile.encoding=GBK -Duser.country=CN -Duser.language=zh -Duser.variant 
java_command: com.android.dx.command.Main --dex --force-jumbo --num-threads=4 --multi-dex --output C:\Users\Administrator\Desktop\NationalGeographicDemo\app\build\intermediates\transforms\dex\debug\folders\1000\5\slice_9 C:\Users\Administrator\Desktop\NationalGeographicDemo\app\build\intermediates\transforms\instantRunSlicer\debug\folders\1\5\slice_9
java_class_path (initial): D:\Android\sdk\build-tools\26.0.1\lib\dx.jar
Launcher Type: SUN_STANDARD

Environment Variables:
PATH=C:\Python27\;C:\Python27\Scripts;C:\Windows\system32;C:\Windows;C:\Windows\System32\Wbem;C:\Windows\System32\WindowsPowerShell\v1.0\;E:\jinhui_workspace\Java\jdk1.8.0_121\bin;C:\Program Files\Microsoft SQL Server\130\Tools\Binn\;C:\Python27;C:\Program Files\Git\cmd;C:\ProgramData\chocolatey\bin;E:\jinhui_workspace\Node.js\;D:\Android\sdk\tools;D:\Android\sdk\platform-tools;C:\Program Files\TortoiseGit\bin;C:\Windows\System32;%ANDROID_NDK%;%ANDROID_HOME%;E:\jinhui_workspace\cocos2d-x-3.15\templates;E:\jinhui_workspace\cocos2d-x-3.15\tools\cocos2d-console\bin;\cocos2d-x-3.14.1\templates;E:\jinhui_workspace\VSCode\Microsoft VS Code\bin;D:\Android\sdk\tools;D:\Android\sdk\platform-tools;D:\Android\Android Studio\gradle\gradle-3.2\BIN;%JAVA_HOME%;D:\Android\sdk;C:\Users\Administrator\AppData\Local\atom\bin;C:\Users\Administrator\AppData\Roaming\npm;D:\Android\sdk\android-ndk-r10e;D:\Android\sdk;
USERNAME=Administrator
OS=Windows_NT
PROCESSOR_IDENTIFIER=Intel64 Family 6 Model 94 Stepping 3, GenuineIntel



---------------  S Y S T E M  ---------------

OS: Windows 7 , 64 bit Build 7601 (6.1.7601.23889)

CPU:total 4 (4 cores per cpu, 1 threads per core) family 6 model 94 stepping 3, cmov, cx8, fxsr, mmx, sse, sse2, sse3, ssse3, sse4.1, sse4.2, popcnt, avx, avx2, aes, clmul, erms, 3dnowpref, lzcnt, tsc, tscinvbit, bmi1, bmi2, adx

Memory: 4k page, physical 8272300k(430164k free), swap 10367592k(5120k free)

vm_info: OpenJDK 64-Bit Server VM (25.112-b06) for windows-amd64 JRE (1.8.0_112-release-b06), built on Dec  8 2016 00:54:26 by "builder" with MS VC++ 10.0 (VS2010)

time: Thu Oct 12 15:24:03 2017
elapsed time: 0 seconds (0d 0h 0m 0s)

